/u/k/a/karu/courses/cs552/spring2013/handouts/testprograms/public/rand_final/ldld_rand_large.asm SUCCESS CPI:1.5 CYCLES:1580 ICOUNT:1035 IHITRATE: 97.7 DHITRATE: 100.0
/u/k/a/karu/courses/cs552/spring2013/handouts/testprograms/public/rand_final/ldld_rand_small.asm SUCCESS CPI:1.5 CYCLES:1580 ICOUNT:1035 IHITRATE: 97.7 DHITRATE: 100.0
/u/k/a/karu/courses/cs552/spring2013/handouts/testprograms/public/rand_final/ldst_rand_large.asm SUCCESS CPI:2.3 CYCLES:2224 ICOUNT:973 IHITRATE: 96.6 DHITRATE: 100.0
/u/k/a/karu/courses/cs552/spring2013/handouts/testprograms/public/rand_final/ldst_rand_small.asm SUCCESS CPI:2.0 CYCLES:1968 ICOUNT:973 IHITRATE: 96.2 DHITRATE: 100.0
/u/k/a/karu/courses/cs552/spring2013/handouts/testprograms/public/rand_final/t_100_all.asm SUCCESS CPI:4.9 CYCLES:1582 ICOUNT:322 IHITRATE: 39.6 DHITRATE: 48.8
/u/k/a/karu/courses/cs552/spring2013/handouts/testprograms/public/rand_final/t_100_ctrl.asm SUCCESS CPI:4.8 CYCLES:3024 ICOUNT:632 IHITRATE: 36.0 DHITRATE: 36.8
/u/k/a/karu/courses/cs552/spring2013/handouts/testprograms/public/rand_final/t_100_icache.asm SUCCESS CPI:79.2 CYCLES:4517 ICOUNT:57 IHITRATE: 18.7 DHITRATE: 0
/u/k/a/karu/courses/cs552/spring2013/handouts/testprograms/public/rand_final/t_100_idcache.asm SUCCESS CPI:7.6 CYCLES:3043 ICOUNT:401 IHITRATE: 58.4 DHITRATE: 68.4
/u/k/a/karu/courses/cs552/spring2013/handouts/testprograms/public/rand_final/t_100_mem.asm SUCCESS CPI:4.8 CYCLES:6747 ICOUNT:1419 IHITRATE: 39.6 DHITRATE: 93.7
/u/k/a/karu/courses/cs552/spring2013/handouts/testprograms/public/rand_final/t_101_all.asm SUCCESS CPI:4.5 CYCLES:1976 ICOUNT:435 IHITRATE: 39.5 DHITRATE: 50.5
/u/k/a/karu/courses/cs552/spring2013/handouts/testprograms/public/rand_final/t_101_ctrl.asm SUCCESS CPI:4.5 CYCLES:3719 ICOUNT:821 IHITRATE: 36.5 DHITRATE: 56.4
/u/k/a/karu/courses/cs552/spring2013/handouts/testprograms/public/rand_final/t_101_icache.asm SUCCESS CPI:86.1 CYCLES:4565 ICOUNT:53 IHITRATE: 18.1 DHITRATE: 0
/u/k/a/karu/courses/cs552/spring2013/handouts/testprograms/public/rand_final/t_101_idcache.asm SUCCESS CPI:7.2 CYCLES:2976 ICOUNT:413 IHITRATE: 60.3 DHITRATE: 81.2
/u/k/a/karu/courses/cs552/spring2013/handouts/testprograms/public/rand_final/t_101_mem.asm SUCCESS CPI:4.8 CYCLES:6784 ICOUNT:1409 IHITRATE: 39.3 DHITRATE: 92.1
/u/k/a/karu/courses/cs552/spring2013/handouts/testprograms/public/rand_final/t_102_all.asm SUCCESS CPI:4.6 CYCLES:1637 ICOUNT:358 IHITRATE: 39.0 DHITRATE: 46.7
/u/k/a/karu/courses/cs552/spring2013/handouts/testprograms/public/rand_final/t_102_ctrl.asm SUCCESS CPI:4.5 CYCLES:3738 ICOUNT:826 IHITRATE: 36.4 DHITRATE: 47.1
/u/k/a/karu/courses/cs552/spring2013/handouts/testprograms/public/rand_final/t_102_icache.asm SUCCESS CPI:91.2 CYCLES:4469 ICOUNT:49 IHITRATE: 19.3 DHITRATE: 0
/u/k/a/karu/courses/cs552/spring2013/handouts/testprograms/public/rand_final/t_102_idcache.asm SUCCESS CPI:8.2 CYCLES:2742 ICOUNT:335 IHITRATE: 57.8 DHITRATE: 91.4
/u/k/a/karu/courses/cs552/spring2013/handouts/testprograms/public/rand_final/t_102_mem.asm SUCCESS CPI:4.6 CYCLES:6980 ICOUNT:1517 IHITRATE: 38.4 DHITRATE: 87.0
/u/k/a/karu/courses/cs552/spring2013/handouts/testprograms/public/rand_final/t_103_all.asm SUCCESS CPI:4.4 CYCLES:1962 ICOUNT:446 IHITRATE: 40.3 DHITRATE: 43.5
/u/k/a/karu/courses/cs552/spring2013/handouts/testprograms/public/rand_final/t_103_ctrl.asm SUCCESS CPI:4.6 CYCLES:3624 ICOUNT:790 IHITRATE: 37.0 DHITRATE: 62.9
/u/k/a/karu/courses/cs552/spring2013/handouts/testprograms/public/rand_final/t_103_icache.asm SUCCESS CPI:82.4 CYCLES:4613 ICOUNT:56 IHITRATE: 18.5 DHITRATE: 0
/u/k/a/karu/courses/cs552/spring2013/handouts/testprograms/public/rand_final/t_103_idcache.asm SUCCESS CPI:7.6 CYCLES:2830 ICOUNT:374 IHITRATE: 58.7 DHITRATE: 78.9
/u/k/a/karu/courses/cs552/spring2013/handouts/testprograms/public/rand_final/t_103_mem.asm SUCCESS CPI:4.7 CYCLES:6788 ICOUNT:1457 IHITRATE: 38.3 DHITRATE: 92.6
/u/k/a/karu/courses/cs552/spring2013/handouts/testprograms/public/rand_final/t_104_all.asm SUCCESS CPI:4.4 CYCLES:1959 ICOUNT:448 IHITRATE: 40.5 DHITRATE: 51.1
/u/k/a/karu/courses/cs552/spring2013/handouts/testprograms/public/rand_final/t_104_ctrl.asm SUCCESS CPI:4.6 CYCLES:3415 ICOUNT:746 IHITRATE: 36.9 DHITRATE: 46.0
/u/k/a/karu/courses/cs552/spring2013/handouts/testprograms/public/rand_final/t_104_icache.asm SUCCESS CPI:78.0 CYCLES:4605 ICOUNT:59 IHITRATE: 18.3 DHITRATE: 0
/u/k/a/karu/courses/cs552/spring2013/handouts/testprograms/public/rand_final/t_104_idcache.asm SUCCESS CPI:8.6 CYCLES:2670 ICOUNT:311 IHITRATE: 60.0 DHITRATE: 72.6
/u/k/a/karu/courses/cs552/spring2013/handouts/testprograms/public/rand_final/t_104_mem.asm SUCCESS CPI:4.6 CYCLES:7070 ICOUNT:1531 IHITRATE: 38.9 DHITRATE: 89.6
/u/k/a/karu/courses/cs552/spring2013/handouts/testprograms/public/rand_final/t_105_all.asm SUCCESS CPI:4.5 CYCLES:1991 ICOUNT:442 IHITRATE: 40.1 DHITRATE: 68.6
/u/k/a/karu/courses/cs552/spring2013/handouts/testprograms/public/rand_final/t_105_ctrl.asm SUCCESS CPI:4.6 CYCLES:3570 ICOUNT:780 IHITRATE: 35.9 DHITRATE: 52.1
/u/k/a/karu/courses/cs552/spring2013/handouts/testprograms/public/rand_final/t_105_icache.asm SUCCESS CPI:91.8 CYCLES:4501 ICOUNT:49 IHITRATE: 18.7 DHITRATE: 0
/u/k/a/karu/courses/cs552/spring2013/handouts/testprograms/public/rand_final/t_105_idcache.asm SUCCESS CPI:8.1 CYCLES:2703 ICOUNT:335 IHITRATE: 58.7 DHITRATE: 78.2
/u/k/a/karu/courses/cs552/spring2013/handouts/testprograms/public/rand_final/t_105_mem.asm SUCCESS CPI:4.7 CYCLES:6693 ICOUNT:1419 IHITRATE: 38.4 DHITRATE: 93.7
/u/k/a/karu/courses/cs552/spring2013/handouts/testprograms/public/rand_final/t_106_all.asm SUCCESS CPI:4.6 CYCLES:2115 ICOUNT:459 IHITRATE: 38.9 DHITRATE: 43.1
/u/k/a/karu/courses/cs552/spring2013/handouts/testprograms/public/rand_final/t_106_ctrl.asm SUCCESS CPI:4.5 CYCLES:3525 ICOUNT:789 IHITRATE: 37.3 DHITRATE: 59.7
/u/k/a/karu/courses/cs552/spring2013/handouts/testprograms/public/rand_final/t_106_icache.asm SUCCESS CPI:82.1 CYCLES:4597 ICOUNT:56 IHITRATE: 18.5 DHITRATE: 0
/u/k/a/karu/courses/cs552/spring2013/handouts/testprograms/public/rand_final/t_106_idcache.asm SUCCESS CPI:8.7 CYCLES:2842 ICOUNT:326 IHITRATE: 58.3 DHITRATE: 71.0
/u/k/a/karu/courses/cs552/spring2013/handouts/testprograms/public/rand_final/t_106_mem.asm SUCCESS CPI:4.8 CYCLES:6758 ICOUNT:1415 IHITRATE: 39.4 DHITRATE: 92.4
/u/k/a/karu/courses/cs552/spring2013/handouts/testprograms/public/rand_final/t_107_all.asm SUCCESS CPI:4.5 CYCLES:1877 ICOUNT:419 IHITRATE: 40.6 DHITRATE: 53.2
/u/k/a/karu/courses/cs552/spring2013/handouts/testprograms/public/rand_final/t_107_ctrl.asm SUCCESS CPI:4.5 CYCLES:3481 ICOUNT:769 IHITRATE: 36.7 DHITRATE: 43.4
/u/k/a/karu/courses/cs552/spring2013/handouts/testprograms/public/rand_final/t_107_icache.asm SUCCESS CPI:88.1 CYCLES:4581 ICOUNT:52 IHITRATE: 18.3 DHITRATE: 0
/u/k/a/karu/courses/cs552/spring2013/handouts/testprograms/public/rand_final/t_107_idcache.asm SUCCESS CPI:8.8 CYCLES:2870 ICOUNT:326 IHITRATE: 55.1 DHITRATE: 64.8
/u/k/a/karu/courses/cs552/spring2013/handouts/testprograms/public/rand_final/t_107_mem.asm SUCCESS CPI:4.8 CYCLES:6684 ICOUNT:1406 IHITRATE: 39.0 DHITRATE: 91.8
/u/k/a/karu/courses/cs552/spring2013/handouts/testprograms/public/rand_final/t_108_all.asm SUCCESS CPI:4.3 CYCLES:1935 ICOUNT:455 IHITRATE: 40.9 DHITRATE: 53.9
/u/k/a/karu/courses/cs552/spring2013/handouts/testprograms/public/rand_final/t_108_ctrl.asm SUCCESS CPI:4.5 CYCLES:3628 ICOUNT:813 IHITRATE: 36.1 DHITRATE: 44.5
/u/k/a/karu/courses/cs552/spring2013/handouts/testprograms/public/rand_final/t_108_icache.asm SUCCESS CPI:75.5 CYCLES:4605 ICOUNT:61 IHITRATE: 18.1 DHITRATE: 0
/u/k/a/karu/courses/cs552/spring2013/handouts/testprograms/public/rand_final/t_108_idcache.asm SUCCESS CPI:8.4 CYCLES:2854 ICOUNT:341 IHITRATE: 57.0 DHITRATE: 87.4
/u/k/a/karu/courses/cs552/spring2013/handouts/testprograms/public/rand_final/t_108_mem.asm SUCCESS CPI:4.6 CYCLES:7021 ICOUNT:1537 IHITRATE: 39.0 DHITRATE: 86.8
/u/k/a/karu/courses/cs552/spring2013/handouts/testprograms/public/rand_final/t_109_all.asm SUCCESS CPI:4.7 CYCLES:1542 ICOUNT:327 IHITRATE: 39.0 DHITRATE: 42.9
/u/k/a/karu/courses/cs552/spring2013/handouts/testprograms/public/rand_final/t_109_ctrl.asm SUCCESS CPI:4.5 CYCLES:3675 ICOUNT:818 IHITRATE: 36.0 DHITRATE: 50.3
/u/k/a/karu/courses/cs552/spring2013/handouts/testprograms/public/rand_final/t_109_icache.asm SUCCESS CPI:91.4 CYCLES:4573 ICOUNT:50 IHITRATE: 18.5 DHITRATE: 0
/u/k/a/karu/courses/cs552/spring2013/handouts/testprograms/public/rand_final/t_109_idcache.asm SUCCESS CPI:8.2 CYCLES:2855 ICOUNT:347 IHITRATE: 61.2 DHITRATE: 86.6
/u/k/a/karu/courses/cs552/spring2013/handouts/testprograms/public/rand_final/t_109_mem.asm SUCCESS CPI:4.8 CYCLES:6596 ICOUNT:1377 IHITRATE: 38.9 DHITRATE: 93.8
/u/k/a/karu/courses/cs552/spring2013/handouts/testprograms/public/rand_final/t_10_mem.asm SUCCESS CPI:4.6 CYCLES:7178 ICOUNT:1558 IHITRATE: 38.4 DHITRATE: 85.7
/u/k/a/karu/courses/cs552/spring2013/handouts/testprograms/public/rand_final/t_110_all.asm SUCCESS CPI:4.4 CYCLES:1945 ICOUNT:445 IHITRATE: 39.4 DHITRATE: 57.9
/u/k/a/karu/courses/cs552/spring2013/handouts/testprograms/public/rand_final/t_110_ctrl.asm SUCCESS CPI:4.3 CYCLES:3849 ICOUNT:887 IHITRATE: 36.3 DHITRATE: 34.5
/u/k/a/karu/courses/cs552/spring2013/handouts/testprograms/public/rand_final/t_110_icache.asm SUCCESS CPI:92.2 CYCLES:4517 ICOUNT:49 IHITRATE: 18.6 DHITRATE: 0
/u/k/a/karu/courses/cs552/spring2013/handouts/testprograms/public/rand_final/t_110_idcache.asm SUCCESS CPI:8.0 CYCLES:3073 ICOUNT:386 IHITRATE: 57.9 DHITRATE: 78.2
/u/k/a/karu/courses/cs552/spring2013/handouts/testprograms/public/rand_final/t_110_mem.asm SUCCESS CPI:4.6 CYCLES:6848 ICOUNT:1490 IHITRATE: 38.9 DHITRATE: 85.7
/u/k/a/karu/courses/cs552/spring2013/handouts/testprograms/public/rand_final/t_111_all.asm SUCCESS CPI:4.8 CYCLES:1862 ICOUNT:386 IHITRATE: 38.9 DHITRATE: 59.1
/u/k/a/karu/courses/cs552/spring2013/handouts/testprograms/public/rand_final/t_111_ctrl.asm SUCCESS CPI:4.5 CYCLES:3977 ICOUNT:886 IHITRATE: 36.8 DHITRATE: 43.3
/u/k/a/karu/courses/cs552/spring2013/handouts/testprograms/public/rand_final/t_111_icache.asm SUCCESS CPI:80.4 CYCLES:4581 ICOUNT:57 IHITRATE: 18.6 DHITRATE: 0
/u/k/a/karu/courses/cs552/spring2013/handouts/testprograms/public/rand_final/t_111_idcache.asm SUCCESS CPI:8.1 CYCLES:3189 ICOUNT:392 IHITRATE: 61.1 DHITRATE: 70.5
/u/k/a/karu/courses/cs552/spring2013/handouts/testprograms/public/rand_final/t_111_mem.asm SUCCESS CPI:4.8 CYCLES:6667 ICOUNT:1397 IHITRATE: 39.8 DHITRATE: 89.4
/u/k/a/karu/courses/cs552/spring2013/handouts/testprograms/public/rand_final/t_112_all.asm SUCCESS CPI:4.7 CYCLES:1727 ICOUNT:365 IHITRATE: 40.1 DHITRATE: 29.6
/u/k/a/karu/courses/cs552/spring2013/handouts/testprograms/public/rand_final/t_112_ctrl.asm SUCCESS CPI:4.6 CYCLES:3353 ICOUNT:733 IHITRATE: 37.0 DHITRATE: 46.7
/u/k/a/karu/courses/cs552/spring2013/handouts/testprograms/public/rand_final/t_112_icache.asm SUCCESS CPI:77.2 CYCLES:4557 ICOUNT:59 IHITRATE: 18.2 DHITRATE: 0
/u/k/a/karu/courses/cs552/spring2013/handouts/testprograms/public/rand_final/t_112_idcache.asm SUCCESS CPI:7.8 CYCLES:3166 ICOUNT:407 IHITRATE: 60.6 DHITRATE: 69.6
/u/k/a/karu/courses/cs552/spring2013/handouts/testprograms/public/rand_final/t_112_mem.asm SUCCESS CPI:4.8 CYCLES:6251 ICOUNT:1304 IHITRATE: 38.9 DHITRATE: 87.4
/u/k/a/karu/courses/cs552/spring2013/handouts/testprograms/public/rand_final/t_113_all.asm SUCCESS CPI:4.6 CYCLES:1531 ICOUNT:335 IHITRATE: 39.3 DHITRATE: 48.4
/u/k/a/karu/courses/cs552/spring2013/handouts/testprograms/public/rand_final/t_113_ctrl.asm SUCCESS CPI:4.6 CYCLES:3421 ICOUNT:737 IHITRATE: 37.4 DHITRATE: 39.0
/u/k/a/karu/courses/cs552/spring2013/handouts/testprograms/public/rand_final/t_113_icache.asm SUCCESS CPI:93.4 CYCLES:4669 ICOUNT:50 IHITRATE: 18.5 DHITRATE: 0
/u/k/a/karu/courses/cs552/spring2013/handouts/testprograms/public/rand_final/t_113_idcache.asm SUCCESS CPI:7.3 CYCLES:2938 ICOUNT:404 IHITRATE: 59.2 DHITRATE: 76.0
/u/k/a/karu/courses/cs552/spring2013/handouts/testprograms/public/rand_final/t_113_mem.asm SUCCESS CPI:4.6 CYCLES:6867 ICOUNT:1485 IHITRATE: 38.8 DHITRATE: 88.4
/u/k/a/karu/courses/cs552/spring2013/handouts/testprograms/public/rand_final/t_114_all.asm SUCCESS CPI:4.0 CYCLES:2349 ICOUNT:593 IHITRATE: 41.4 DHITRATE: 40.6
/u/k/a/karu/courses/cs552/spring2013/handouts/testprograms/public/rand_final/t_114_ctrl.asm SUCCESS CPI:4.3 CYCLES:3721 ICOUNT:862 IHITRATE: 36.6 DHITRATE: 44.9
/u/k/a/karu/courses/cs552/spring2013/handouts/testprograms/public/rand_final/t_114_icache.asm SUCCESS CPI:72.6 CYCLES:4429 ICOUNT:61 IHITRATE: 19.0 DHITRATE: 0
/u/k/a/karu/courses/cs552/spring2013/handouts/testprograms/public/rand_final/t_114_idcache.asm SUCCESS CPI:8.0 CYCLES:2852 ICOUNT:356 IHITRATE: 56.3 DHITRATE: 84.8
/u/k/a/karu/courses/cs552/spring2013/handouts/testprograms/public/rand_final/t_114_mem.asm SUCCESS CPI:4.6 CYCLES:6624 ICOUNT:1436 IHITRATE: 38.4 DHITRATE: 89.3
/u/k/a/karu/courses/cs552/spring2013/handouts/testprograms/public/rand_final/t_115_all.asm SUCCESS CPI:4.4 CYCLES:1983 ICOUNT:446 IHITRATE: 40.2 DHITRATE: 53.4
/u/k/a/karu/courses/cs552/spring2013/handouts/testprograms/public/rand_final/t_115_ctrl.asm SUCCESS CPI:4.5 CYCLES:3813 ICOUNT:854 IHITRATE: 37.1 DHITRATE: 46.4
/u/k/a/karu/courses/cs552/spring2013/handouts/testprograms/public/rand_final/t_115_icache.asm SUCCESS CPI:93.8 CYCLES:4597 ICOUNT:49 IHITRATE: 18.2 DHITRATE: 0
/u/k/a/karu/courses/cs552/spring2013/handouts/testprograms/public/rand_final/t_115_idcache.asm SUCCESS CPI:7.2 CYCLES:3100 ICOUNT:428 IHITRATE: 59.4 DHITRATE: 71.3
/u/k/a/karu/courses/cs552/spring2013/handouts/testprograms/public/rand_final/t_115_mem.asm SUCCESS CPI:4.7 CYCLES:6581 ICOUNT:1402 IHITRATE: 38.2 DHITRATE: 93.0
/u/k/a/karu/courses/cs552/spring2013/handouts/testprograms/public/rand_final/t_116_all.asm SUCCESS CPI:4.1 CYCLES:2330 ICOUNT:569 IHITRATE: 40.4 DHITRATE: 49.5
/u/k/a/karu/courses/cs552/spring2013/handouts/testprograms/public/rand_final/t_116_ctrl.asm SUCCESS CPI:4.1 CYCLES:4403 ICOUNT:1072 IHITRATE: 36.8 DHITRATE: 40.4
/u/k/a/karu/courses/cs552/spring2013/handouts/testprograms/public/rand_final/t_116_icache.asm SUCCESS CPI:98.1 CYCLES:4613 ICOUNT:47 IHITRATE: 18.4 DHITRATE: 0
/u/k/a/karu/courses/cs552/spring2013/handouts/testprograms/public/rand_final/t_116_idcache.asm SUCCESS CPI:8.3 CYCLES:2902 ICOUNT:350 IHITRATE: 56.5 DHITRATE: 83.6
/u/k/a/karu/courses/cs552/spring2013/handouts/testprograms/public/rand_final/t_116_mem.asm SUCCESS CPI:4.7 CYCLES:7041 ICOUNT:1484 IHITRATE: 39.8 DHITRATE: 88.4
/u/k/a/karu/courses/cs552/spring2013/handouts/testprograms/public/rand_final/t_117_all.asm SUCCESS CPI:4.5 CYCLES:2064 ICOUNT:459 IHITRATE: 41.1 DHITRATE: 51.9
/u/k/a/karu/courses/cs552/spring2013/handouts/testprograms/public/rand_final/t_117_ctrl.asm SUCCESS CPI:4.5 CYCLES:3883 ICOUNT:872 IHITRATE: 36.9 DHITRATE: 52.1
/u/k/a/karu/courses/cs552/spring2013/handouts/testprograms/public/rand_final/t_117_icache.asm SUCCESS CPI:78.4 CYCLES:4469 ICOUNT:57 IHITRATE: 18.8 DHITRATE: 0
/u/k/a/karu/courses/cs552/spring2013/handouts/testprograms/public/rand_final/t_117_idcache.asm SUCCESS CPI:7.5 CYCLES:3133 ICOUNT:416 IHITRATE: 55.7 DHITRATE: 69.4
/u/k/a/karu/courses/cs552/spring2013/handouts/testprograms/public/rand_final/t_117_mem.asm SUCCESS CPI:4.6 CYCLES:7128 ICOUNT:1555 IHITRATE: 38.3 DHITRATE: 89.7
/u/k/a/karu/courses/cs552/spring2013/handouts/testprograms/public/rand_final/t_118_all.asm SUCCESS CPI:4.4 CYCLES:2250 ICOUNT:516 IHITRATE: 40.8 DHITRATE: 35.7
/u/k/a/karu/courses/cs552/spring2013/handouts/testprograms/public/rand_final/t_118_ctrl.asm SUCCESS CPI:4.5 CYCLES:3488 ICOUNT:777 IHITRATE: 37.9 DHITRATE: 38.8
/u/k/a/karu/courses/cs552/spring2013/handouts/testprograms/public/rand_final/t_118_icache.asm SUCCESS CPI:81.8 CYCLES:4501 ICOUNT:55 IHITRATE: 18.5 DHITRATE: 0
/u/k/a/karu/courses/cs552/spring2013/handouts/testprograms/public/rand_final/t_118_idcache.asm SUCCESS CPI:8.2 CYCLES:2633 ICOUNT:323 IHITRATE: 60.0 DHITRATE: 77.3
/u/k/a/karu/courses/cs552/spring2013/handouts/testprograms/public/rand_final/t_118_mem.asm SUCCESS CPI:4.8 CYCLES:6491 ICOUNT:1345 IHITRATE: 38.8 DHITRATE: 95.2
/u/k/a/karu/courses/cs552/spring2013/handouts/testprograms/public/rand_final/t_119_all.asm SUCCESS CPI:4.4 CYCLES:1815 ICOUNT:414 IHITRATE: 40.8 DHITRATE: 47.3
/u/k/a/karu/courses/cs552/spring2013/handouts/testprograms/public/rand_final/t_119_ctrl.asm SUCCESS CPI:4.5 CYCLES:3358 ICOUNT:742 IHITRATE: 37.3 DHITRATE: 41.3
/u/k/a/karu/courses/cs552/spring2013/handouts/testprograms/public/rand_final/t_119_icache.asm SUCCESS CPI:74.0 CYCLES:4589 ICOUNT:62 IHITRATE: 18.2 DHITRATE: 0
/u/k/a/karu/courses/cs552/spring2013/handouts/testprograms/public/rand_final/t_119_idcache.asm SUCCESS CPI:8.0 CYCLES:2936 ICOUNT:368 IHITRATE: 58.4 DHITRATE: 87.4
/u/k/a/karu/courses/cs552/spring2013/handouts/testprograms/public/rand_final/t_119_mem.asm SUCCESS CPI:4.6 CYCLES:7126 ICOUNT:1550 IHITRATE: 39.2 DHITRATE: 88.9
/u/k/a/karu/courses/cs552/spring2013/handouts/testprograms/public/rand_final/t_11_mem.asm SUCCESS CPI:4.7 CYCLES:7276 ICOUNT:1555 IHITRATE: 39.5 DHITRATE: 94.4
/u/k/a/karu/courses/cs552/spring2013/handouts/testprograms/public/rand_final/t_120_all.asm SUCCESS CPI:4.7 CYCLES:1819 ICOUNT:384 IHITRATE: 38.3 DHITRATE: 52.0
/u/k/a/karu/courses/cs552/spring2013/handouts/testprograms/public/rand_final/t_120_ctrl.asm SUCCESS CPI:4.3 CYCLES:3760 ICOUNT:871 IHITRATE: 36.5 DHITRATE: 52.6
/u/k/a/karu/courses/cs552/spring2013/handouts/testprograms/public/rand_final/t_120_icache.asm SUCCESS CPI:81.6 CYCLES:4573 ICOUNT:56 IHITRATE: 18.5 DHITRATE: 0
/u/k/a/karu/courses/cs552/spring2013/handouts/testprograms/public/rand_final/t_120_idcache.asm SUCCESS CPI:8.1 CYCLES:2968 ICOUNT:368 IHITRATE: 58.4 DHITRATE: 71.8
/u/k/a/karu/courses/cs552/spring2013/handouts/testprograms/public/rand_final/t_120_mem.asm SUCCESS CPI:4.7 CYCLES:6818 ICOUNT:1459 IHITRATE: 38.3 DHITRATE: 89.1
/u/k/a/karu/courses/cs552/spring2013/handouts/testprograms/public/rand_final/t_121_all.asm SUCCESS CPI:4.9 CYCLES:1553 ICOUNT:320 IHITRATE: 39.0 DHITRATE: 46.7
/u/k/a/karu/courses/cs552/spring2013/handouts/testprograms/public/rand_final/t_122_all.asm SUCCESS CPI:4.6 CYCLES:1503 ICOUNT:325 IHITRATE: 39.6 DHITRATE: 55.6
/u/k/a/karu/courses/cs552/spring2013/handouts/testprograms/public/rand_final/t_123_all.asm SUCCESS CPI:4.4 CYCLES:2209 ICOUNT:503 IHITRATE: 40.0 DHITRATE: 40.9
/u/k/a/karu/courses/cs552/spring2013/handouts/testprograms/public/rand_final/t_124_all.asm SUCCESS CPI:4.2 CYCLES:1534 ICOUNT:362 IHITRATE: 40.9 DHITRATE: 50.9
/u/k/a/karu/courses/cs552/spring2013/handouts/testprograms/public/rand_final/t_125_all.asm SUCCESS CPI:4.6 CYCLES:2299 ICOUNT:496 IHITRATE: 42.3 DHITRATE: 50.7
/u/k/a/karu/courses/cs552/spring2013/handouts/testprograms/public/rand_final/t_126_all.asm SUCCESS CPI:4.2 CYCLES:2519 ICOUNT:605 IHITRATE: 41.5 DHITRATE: 59.0
/u/k/a/karu/courses/cs552/spring2013/handouts/testprograms/public/rand_final/t_127_all.asm SUCCESS CPI:4.4 CYCLES:2007 ICOUNT:461 IHITRATE: 40.5 DHITRATE: 47.7
/u/k/a/karu/courses/cs552/spring2013/handouts/testprograms/public/rand_final/t_128_all.asm SUCCESS CPI:4.7 CYCLES:2020 ICOUNT:430 IHITRATE: 39.6 DHITRATE: 44.8
/u/k/a/karu/courses/cs552/spring2013/handouts/testprograms/public/rand_final/t_129_all.asm SUCCESS CPI:4.5 CYCLES:1960 ICOUNT:434 IHITRATE: 41.5 DHITRATE: 36.3
/u/k/a/karu/courses/cs552/spring2013/handouts/testprograms/public/rand_final/t_12_mem.asm SUCCESS CPI:4.8 CYCLES:6750 ICOUNT:1415 IHITRATE: 38.5 DHITRATE: 95.1
/u/k/a/karu/courses/cs552/spring2013/handouts/testprograms/public/rand_final/t_130_all.asm SUCCESS CPI:4.0 CYCLES:2582 ICOUNT:641 IHITRATE: 40.0 DHITRATE: 74.1
/u/k/a/karu/courses/cs552/spring2013/handouts/testprograms/public/rand_final/t_131_all.asm SUCCESS CPI:4.2 CYCLES:2312 ICOUNT:552 IHITRATE: 40.5 DHITRATE: 45.6
/u/k/a/karu/courses/cs552/spring2013/handouts/testprograms/public/rand_final/t_132_all.asm SUCCESS CPI:4.2 CYCLES:2021 ICOUNT:477 IHITRATE: 41.0 DHITRATE: 40.2
/u/k/a/karu/courses/cs552/spring2013/handouts/testprograms/public/rand_final/t_133_all.asm SUCCESS CPI:4.2 CYCLES:1867 ICOUNT:447 IHITRATE: 41.3 DHITRATE: 47.7
/u/k/a/karu/courses/cs552/spring2013/handouts/testprograms/public/rand_final/t_134_all.asm SUCCESS CPI:4.1 CYCLES:1976 ICOUNT:477 IHITRATE: 41.0 DHITRATE: 64.4
/u/k/a/karu/courses/cs552/spring2013/handouts/testprograms/public/rand_final/t_135_all.asm SUCCESS CPI:4.1 CYCLES:2471 ICOUNT:605 IHITRATE: 40.6 DHITRATE: 52.7
/u/k/a/karu/courses/cs552/spring2013/handouts/testprograms/public/rand_final/t_136_all.asm SUCCESS CPI:4.5 CYCLES:1923 ICOUNT:423 IHITRATE: 40.4 DHITRATE: 34.9
/u/k/a/karu/courses/cs552/spring2013/handouts/testprograms/public/rand_final/t_137_all.asm SUCCESS CPI:4.1 CYCLES:2213 ICOUNT:542 IHITRATE: 40.4 DHITRATE: 45.0
/u/k/a/karu/courses/cs552/spring2013/handouts/testprograms/public/rand_final/t_138_all.asm SUCCESS CPI:4.1 CYCLES:2525 ICOUNT:612 IHITRATE: 40.5 DHITRATE: 63.1
/u/k/a/karu/courses/cs552/spring2013/handouts/testprograms/public/rand_final/t_139_all.asm SUCCESS CPI:4.8 CYCLES:1765 ICOUNT:368 IHITRATE: 38.3 DHITRATE: 35.6
/u/k/a/karu/courses/cs552/spring2013/handouts/testprograms/public/rand_final/t_13_mem.asm SUCCESS CPI:4.7 CYCLES:6720 ICOUNT:1445 IHITRATE: 38.7 DHITRATE: 92.9
/u/k/a/karu/courses/cs552/spring2013/handouts/testprograms/public/rand_final/t_140_all.asm SUCCESS CPI:4.4 CYCLES:1773 ICOUNT:405 IHITRATE: 39.7 DHITRATE: 52.3
/u/k/a/karu/courses/cs552/spring2013/handouts/testprograms/public/rand_final/t_141_all.asm SUCCESS CPI:4.0 CYCLES:1995 ICOUNT:493 IHITRATE: 40.9 DHITRATE: 49.8
/u/k/a/karu/courses/cs552/spring2013/handouts/testprograms/public/rand_final/t_142_all.asm SUCCESS CPI:4.3 CYCLES:1697 ICOUNT:396 IHITRATE: 40.4 DHITRATE: 54.9
/u/k/a/karu/courses/cs552/spring2013/handouts/testprograms/public/rand_final/t_143_all.asm SUCCESS CPI:4.1 CYCLES:2084 ICOUNT:514 IHITRATE: 40.4 DHITRATE: 48.2
/u/k/a/karu/courses/cs552/spring2013/handouts/testprograms/public/rand_final/t_144_all.asm SUCCESS CPI:4.8 CYCLES:2089 ICOUNT:432 IHITRATE: 39.9 DHITRATE: 44.3
/u/k/a/karu/courses/cs552/spring2013/handouts/testprograms/public/rand_final/t_145_all.asm SUCCESS CPI:4.3 CYCLES:1913 ICOUNT:441 IHITRATE: 40.6 DHITRATE: 53.7
/u/k/a/karu/courses/cs552/spring2013/handouts/testprograms/public/rand_final/t_146_all.asm SUCCESS CPI:4.1 CYCLES:2521 ICOUNT:609 IHITRATE: 40.9 DHITRATE: 55.8
/u/k/a/karu/courses/cs552/spring2013/handouts/testprograms/public/rand_final/t_147_all.asm SUCCESS CPI:4.3 CYCLES:1924 ICOUNT:445 IHITRATE: 40.1 DHITRATE: 60.6
/u/k/a/karu/courses/cs552/spring2013/handouts/testprograms/public/rand_final/t_148_all.asm SUCCESS CPI:4.3 CYCLES:1975 ICOUNT:456 IHITRATE: 40.6 DHITRATE: 41.2
/u/k/a/karu/courses/cs552/spring2013/handouts/testprograms/public/rand_final/t_149_all.asm SUCCESS CPI:4.2 CYCLES:1908 ICOUNT:452 IHITRATE: 41.4 DHITRATE: 37.9
/u/k/a/karu/courses/cs552/spring2013/handouts/testprograms/public/rand_final/t_14_mem.asm SUCCESS CPI:4.9 CYCLES:6654 ICOUNT:1371 IHITRATE: 39.3 DHITRATE: 90.4
/u/k/a/karu/courses/cs552/spring2013/handouts/testprograms/public/rand_final/t_150_all.asm SUCCESS CPI:4.3 CYCLES:2168 ICOUNT:504 IHITRATE: 40.1 DHITRATE: 50.8
/u/k/a/karu/courses/cs552/spring2013/handouts/testprograms/public/rand_final/t_15_mem.asm SUCCESS CPI:4.7 CYCLES:6801 ICOUNT:1452 IHITRATE: 38.2 DHITRATE: 93.2
/u/k/a/karu/courses/cs552/spring2013/handouts/testprograms/public/rand_final/t_16_mem.asm SUCCESS CPI:4.7 CYCLES:6822 ICOUNT:1455 IHITRATE: 38.4 DHITRATE: 89.1
/u/k/a/karu/courses/cs552/spring2013/handouts/testprograms/public/rand_final/t_17_mem.asm SUCCESS CPI:4.6 CYCLES:6931 ICOUNT:1498 IHITRATE: 39.0 DHITRATE: 89.1
/u/k/a/karu/courses/cs552/spring2013/handouts/testprograms/public/rand_final/t_18_mem.asm SUCCESS CPI:4.7 CYCLES:6613 ICOUNT:1408 IHITRATE: 38.9 DHITRATE: 90.3
/u/k/a/karu/courses/cs552/spring2013/handouts/testprograms/public/rand_final/t_19_mem.asm SUCCESS CPI:4.7 CYCLES:6579 ICOUNT:1392 IHITRATE: 38.7 DHITRATE: 93.0
