/u/k/a/karu/courses/cs552/spring2013/handouts/testprograms/public/rand_ldst/ldld.asm SUCCESS CPI:3.7 CYCLES:217 ICOUNT:58 IHITRATE: 83.2 DHITRATE: 100.0
/u/k/a/karu/courses/cs552/spring2013/handouts/testprograms/public/rand_ldst/ldld_rand_large.asm SUCCESS CPI:1.5 CYCLES:1580 ICOUNT:1035 IHITRATE: 97.7 DHITRATE: 100.0
/u/k/a/karu/courses/cs552/spring2013/handouts/testprograms/public/rand_ldst/ldld_rand_large_1.asm SUCCESS CPI:1.4 CYCLES:1492 ICOUNT:1035 IHITRATE: 97.6 DHITRATE: 100.0
/u/k/a/karu/courses/cs552/spring2013/handouts/testprograms/public/rand_ldst/ldld_rand_large_2.asm SUCCESS CPI:1.3 CYCLES:1396 ICOUNT:1035 IHITRATE: 97.4 DHITRATE: 100.0
/u/k/a/karu/courses/cs552/spring2013/handouts/testprograms/public/rand_ldst/ldld_rand_large_3.asm SUCCESS CPI:1.4 CYCLES:1468 ICOUNT:1035 IHITRATE: 97.5 DHITRATE: 100.0
/u/k/a/karu/courses/cs552/spring2013/handouts/testprograms/public/rand_ldst/ldld_rand_large_4.asm SUCCESS CPI:1.5 CYCLES:1564 ICOUNT:1035 IHITRATE: 97.7 DHITRATE: 100.0
/u/k/a/karu/courses/cs552/spring2013/handouts/testprograms/public/rand_ldst/ldld_rand_large_5.asm SUCCESS CPI:1.5 CYCLES:1580 ICOUNT:1035 IHITRATE: 97.7 DHITRATE: 100.0
/u/k/a/karu/courses/cs552/spring2013/handouts/testprograms/public/rand_ldst/ldld_rand_large_6.asm SUCCESS CPI:1.5 CYCLES:1572 ICOUNT:1035 IHITRATE: 97.7 DHITRATE: 100.0
/u/k/a/karu/courses/cs552/spring2013/handouts/testprograms/public/rand_ldst/ldld_rand_large_7.asm SUCCESS CPI:1.6 CYCLES:1620 ICOUNT:1035 IHITRATE: 97.8 DHITRATE: 100.0
/u/k/a/karu/courses/cs552/spring2013/handouts/testprograms/public/rand_ldst/ldld_rand_large_8.asm SUCCESS CPI:1.4 CYCLES:1500 ICOUNT:1035 IHITRATE: 97.6 DHITRATE: 100.0
/u/k/a/karu/courses/cs552/spring2013/handouts/testprograms/public/rand_ldst/ldld_rand_large_9.asm SUCCESS CPI:1.4 CYCLES:1484 ICOUNT:1035 IHITRATE: 97.6 DHITRATE: 100.0
/u/k/a/karu/courses/cs552/spring2013/handouts/testprograms/public/rand_ldst/ldld_rand_small.asm SUCCESS CPI:1.5 CYCLES:1580 ICOUNT:1035 IHITRATE: 97.7 DHITRATE: 100.0
/u/k/a/karu/courses/cs552/spring2013/handouts/testprograms/public/rand_ldst/ldld_rand_small_1.asm SUCCESS CPI:1.4 CYCLES:1492 ICOUNT:1035 IHITRATE: 97.6 DHITRATE: 100.0
/u/k/a/karu/courses/cs552/spring2013/handouts/testprograms/public/rand_ldst/ldld_rand_small_2.asm SUCCESS CPI:1.3 CYCLES:1396 ICOUNT:1035 IHITRATE: 97.4 DHITRATE: 100.0
/u/k/a/karu/courses/cs552/spring2013/handouts/testprograms/public/rand_ldst/ldld_rand_small_3.asm SUCCESS CPI:1.4 CYCLES:1468 ICOUNT:1035 IHITRATE: 97.5 DHITRATE: 100.0
/u/k/a/karu/courses/cs552/spring2013/handouts/testprograms/public/rand_ldst/ldld_rand_small_4.asm SUCCESS CPI:1.5 CYCLES:1564 ICOUNT:1035 IHITRATE: 97.7 DHITRATE: 100.0
/u/k/a/karu/courses/cs552/spring2013/handouts/testprograms/public/rand_ldst/ldld_rand_small_5.asm SUCCESS CPI:1.5 CYCLES:1580 ICOUNT:1035 IHITRATE: 97.7 DHITRATE: 100.0
/u/k/a/karu/courses/cs552/spring2013/handouts/testprograms/public/rand_ldst/ldld_rand_small_6.asm SUCCESS CPI:1.5 CYCLES:1572 ICOUNT:1035 IHITRATE: 97.7 DHITRATE: 100.0
/u/k/a/karu/courses/cs552/spring2013/handouts/testprograms/public/rand_ldst/ldld_rand_small_7.asm SUCCESS CPI:1.6 CYCLES:1620 ICOUNT:1035 IHITRATE: 97.8 DHITRATE: 100.0
/u/k/a/karu/courses/cs552/spring2013/handouts/testprograms/public/rand_ldst/ldld_rand_small_8.asm SUCCESS CPI:1.4 CYCLES:1500 ICOUNT:1035 IHITRATE: 97.6 DHITRATE: 100.0
/u/k/a/karu/courses/cs552/spring2013/handouts/testprograms/public/rand_ldst/ldld_rand_small_9.asm SUCCESS CPI:1.4 CYCLES:1484 ICOUNT:1035 IHITRATE: 97.6 DHITRATE: 100.0
/u/k/a/karu/courses/cs552/spring2013/handouts/testprograms/public/rand_ldst/ldst.asm SUCCESS CPI:4.6 CYCLES:269 ICOUNT:58 IHITRATE: 83.8 DHITRATE: 100.0
/u/k/a/karu/courses/cs552/spring2013/handouts/testprograms/public/rand_ldst/ldst_rand_large.asm SUCCESS CPI:2.3 CYCLES:2224 ICOUNT:973 IHITRATE: 96.6 DHITRATE: 100.0
/u/k/a/karu/courses/cs552/spring2013/handouts/testprograms/public/rand_ldst/ldst_rand_large_1.asm SUCCESS CPI:1.8 CYCLES:1792 ICOUNT:973 IHITRATE: 95.8 DHITRATE: 100.0
/u/k/a/karu/courses/cs552/spring2013/handouts/testprograms/public/rand_ldst/ldst_rand_large_2.asm SUCCESS CPI:1.8 CYCLES:1760 ICOUNT:973 IHITRATE: 95.7 DHITRATE: 100.0
/u/k/a/karu/courses/cs552/spring2013/handouts/testprograms/public/rand_ldst/ldst_rand_large_3.asm SUCCESS CPI:1.9 CYCLES:1840 ICOUNT:973 IHITRATE: 95.9 DHITRATE: 100.0
/u/k/a/karu/courses/cs552/spring2013/handouts/testprograms/public/rand_ldst/ldst_rand_large_4.asm SUCCESS CPI:1.8 CYCLES:1760 ICOUNT:973 IHITRATE: 95.7 DHITRATE: 100.0
/u/k/a/karu/courses/cs552/spring2013/handouts/testprograms/public/rand_ldst/ldst_rand_large_5.asm SUCCESS CPI:2.2 CYCLES:2160 ICOUNT:973 IHITRATE: 96.5 DHITRATE: 100.0
/u/k/a/karu/courses/cs552/spring2013/handouts/testprograms/public/rand_ldst/ldst_rand_large_6.asm SUCCESS CPI:2.1 CYCLES:2000 ICOUNT:973 IHITRATE: 96.2 DHITRATE: 100.0
/u/k/a/karu/courses/cs552/spring2013/handouts/testprograms/public/rand_ldst/ldst_rand_large_7.asm SUCCESS CPI:2.1 CYCLES:2000 ICOUNT:973 IHITRATE: 96.2 DHITRATE: 100.0
/u/k/a/karu/courses/cs552/spring2013/handouts/testprograms/public/rand_ldst/ldst_rand_large_8.asm SUCCESS CPI:2.2 CYCLES:2176 ICOUNT:973 IHITRATE: 96.5 DHITRATE: 100.0
/u/k/a/karu/courses/cs552/spring2013/handouts/testprograms/public/rand_ldst/ldst_rand_large_9.asm SUCCESS CPI:1.8 CYCLES:1776 ICOUNT:973 IHITRATE: 95.8 DHITRATE: 100.0
/u/k/a/karu/courses/cs552/spring2013/handouts/testprograms/public/rand_ldst/ldst_rand_small.asm SUCCESS CPI:2.0 CYCLES:1968 ICOUNT:973 IHITRATE: 96.2 DHITRATE: 100.0
/u/k/a/karu/courses/cs552/spring2013/handouts/testprograms/public/rand_ldst/ldst_rand_small_1.asm SUCCESS CPI:1.8 CYCLES:1792 ICOUNT:973 IHITRATE: 95.8 DHITRATE: 100.0
/u/k/a/karu/courses/cs552/spring2013/handouts/testprograms/public/rand_ldst/ldst_rand_small_2.asm SUCCESS CPI:1.8 CYCLES:1760 ICOUNT:973 IHITRATE: 95.7 DHITRATE: 100.0
/u/k/a/karu/courses/cs552/spring2013/handouts/testprograms/public/rand_ldst/ldst_rand_small_3.asm SUCCESS CPI:1.9 CYCLES:1840 ICOUNT:973 IHITRATE: 95.9 DHITRATE: 100.0
/u/k/a/karu/courses/cs552/spring2013/handouts/testprograms/public/rand_ldst/ldst_rand_small_4.asm SUCCESS CPI:1.8 CYCLES:1760 ICOUNT:973 IHITRATE: 95.7 DHITRATE: 100.0
/u/k/a/karu/courses/cs552/spring2013/handouts/testprograms/public/rand_ldst/ldst_rand_small_5.asm SUCCESS CPI:2.2 CYCLES:2160 ICOUNT:973 IHITRATE: 96.5 DHITRATE: 100.0
/u/k/a/karu/courses/cs552/spring2013/handouts/testprograms/public/rand_ldst/ldst_rand_small_6.asm SUCCESS CPI:2.1 CYCLES:2000 ICOUNT:973 IHITRATE: 96.2 DHITRATE: 100.0
/u/k/a/karu/courses/cs552/spring2013/handouts/testprograms/public/rand_ldst/ldst_rand_small_7.asm SUCCESS CPI:2.1 CYCLES:2000 ICOUNT:973 IHITRATE: 96.2 DHITRATE: 100.0
/u/k/a/karu/courses/cs552/spring2013/handouts/testprograms/public/rand_ldst/ldst_rand_small_8.asm SUCCESS CPI:2.2 CYCLES:2176 ICOUNT:973 IHITRATE: 96.5 DHITRATE: 100.0
/u/k/a/karu/courses/cs552/spring2013/handouts/testprograms/public/rand_ldst/ldst_rand_small_9.asm SUCCESS CPI:1.8 CYCLES:1776 ICOUNT:973 IHITRATE: 95.8 DHITRATE: 100.0
/u/k/a/karu/courses/cs552/spring2013/handouts/testprograms/public/rand_ldst/rpt_ld_test_0.asm SUCCESS CPI:4.5 CYCLES:45 ICOUNT:10 IHITRATE: 45.2 DHITRATE: 100.0
/u/k/a/karu/courses/cs552/spring2013/handouts/testprograms/public/rand_ldst/rpt_ld_test_1.asm SUCCESS CPI:8.0 CYCLES:56 ICOUNT:7 IHITRATE: 45.3 DHITRATE: 100.0
/u/k/a/karu/courses/cs552/spring2013/handouts/testprograms/public/rand_ldst/rpt_reg_test_0.asm SUCCESS CPI:4.6 CYCLES:41 ICOUNT:9 IHITRATE: 42.1 DHITRATE: 0
/u/k/a/karu/courses/cs552/spring2013/handouts/testprograms/public/rand_ldst/rpt_reg_test_1.asm SUCCESS CPI:7.6 CYCLES:53 ICOUNT:7 IHITRATE: 42.0 DHITRATE: 0
/u/k/a/karu/courses/cs552/spring2013/handouts/testprograms/public/rand_ldst/rpt_st_test_0.asm SUCCESS CPI:4.8 CYCLES:43 ICOUNT:9 IHITRATE: 42.5 DHITRATE: 43.8
/u/k/a/karu/courses/cs552/spring2013/handouts/testprograms/public/rand_ldst/rpt_st_test_1.asm SUCCESS CPI:9.0 CYCLES:54 ICOUNT:6 IHITRATE: 43.1 DHITRATE: 30.8
