SIMLOG:: Cycle           4 PC: 0000zzzz I: 0000zzzz R: 0   0 00000000 M: 0 0 00000000 00000000
SIMLOG:: Cycle           5 PC: 0000zzzz I: 0000zzzz R: 0   0 00000000 M: 0 0 0000xxxx 00000000
SIMLOG:: Cycle           6 PC: 0000zzzz I: 0000zzzz R: 0   0 0000xxxx M: 0 0 0000xxxx 00000000
SIMLOG:: Cycle           7 PC: 0000zzzz I: 0000zzzz R: 0   0 0000xxxx M: 0 0 00000001 00000000
SIMLOG:: Cycle           8 PC: 0000zzzz I: 0000zzzz R: 1   1 00000001 M: 0 0 00000002 00000000
SIMLOG:: Cycle           9 PC: 0000zzzz I: 0000zzzz R: 1   2 00000002 M: 0 0 00000001 00000000
SIMLOG:: Cycle          10 PC: 0000zzzz I: 0000zzzz R: 1   4 00000001 M: 0 0 00000000 00000000
SIMLOG:: Cycle          11 PC: 0000zzzz I: 0000zzzz R: 0   3 00000000 M: 0 0 00000000 00000000
SIMLOG:: Cycle          12 PC: 0000zzzz I: 0000zzzz R: 0   3 00000000 M: 0 0 00000001 00000002
SIMLOG:: Cycle          13 PC: 0000zzzz I: 0000zzzz R: 1   3 00000001 M: 0 0 00000000 00000000
SIMLOG:: Cycle          14 PC: 0000zzzz I: 0000zzzz R: 0   0 00000000 M: 0 0 00000000 00000000
SIMLOG:: Cycle          15 PC: 0000zzzz I: 0000zzzz R: 0   0 00000000 M: 0 0 00000000 00000000
SIMLOG:: Cycle          16 PC: 0000zzzz I: 0000zzzz R: 0   0 00000000 M: 0 0 00000000 00000000
SIMLOG:: Cycle          17 PC: 0000zzzz I: 0000zzzz R: 0   0 00000000 M: 0 0 00000002 00000001
SIMLOG:: Cycle          18 PC: 0000zzzz I: 0000zzzz R: 1   4 00000002 M: 0 0 00000002 00000000
SIMLOG:: Cycle          19 PC: 0000zzzz I: 0000zzzz R: 1   1 00000002 M: 0 0 00000001 00000000
SIMLOG:: Cycle          20 PC: 0000zzzz I: 0000zzzz R: 1   2 00000001 M: 0 0 00000002 00000002
SIMLOG:: Cycle          21 PC: 0000zzzz I: 0000zzzz R: 0   3 00000002 M: 0 0 00000002 00000002
SIMLOG:: Cycle          22 PC: 0000zzzz I: 0000zzzz R: 0   3 00000002 M: 0 0 00000002 00000002
SIMLOG:: Cycle          23 PC: 0000zzzz I: 0000zzzz R: 0   3 00000002 M: 0 0 00000000 00000001
SIMLOG:: Cycle          24 PC: 0000zzzz I: 0000zzzz R: 1   3 00000000 M: 0 0 00000000 00000000
SIMLOG:: Cycle          25 PC: 0000zzzz I: 0000zzzz R: 0   1 00000000 M: 0 0 00000000 00000000
SIMLOG:: Cycle          26 PC: 0000zzzz I: 0000zzzz R: 0   1 00000000 M: 0 0 00000000 00000000
SIMLOG:: Cycle          27 PC: 0000zzzz I: 0000zzzz R: 0   1 00000000 M: 0 0 00000001 00000000
SIMLOG:: Cycle          28 PC: 0000zzzz I: 0000zzzz R: 0   1 00000001 M: 0 0 00000000 00000002
SIMLOG:: Cycle          29 PC: 0000zzzz I: 0000zzzz R: 0   1 00000000 M: 0 0 00000001 00000000
SIMLOG:: Cycle          30 PC: 0000zzzz I: 0000zzzz R: 0   0 00000001 M: 0 0 00000000 00000002
SIMLOG:: Cycle          31 PC: 0000zzzz I: 0000zzzz R: 0   0 00000000 M: 0 0 00000004 00000002
SIMLOG:: Cycle          32 PC: 0000zzzz I: 0000zzzz R: 1   4 00000004 M: 0 0 00000000 00000000
SIMLOG:: Cycle          33 PC: 0000zzzz I: 0000zzzz R: 0   0 00000000 M: 0 0 00000000 00000000
SIMLOG:: Cycle          34 PC: 0000zzzz I: 0000zzzz R: 0   0 00000000 M: 0 0 00000000 00000000
SIMLOG:: Processor halted

SIMLOG:: sim_cycles          34

SIMLOG:: inst_count          10

SIMLOG:: dcachehit_count          16

SIMLOG:: icachehit_count          16

SIMLOG:: dcachereq_count          16

SIMLOG:: icachereq_count          16

