SIMLOG:: Cycle           4 PC: 0000zzzz I: 0000zzzz R: 0   0 00000000 M: 0 0 00000000 00000000
SIMLOG:: Cycle           5 PC: 0000zzzz I: 0000zzzz R: 0   0 00000000 M: 0 0 0000xxxx 00000000
SIMLOG:: Cycle           6 PC: 0000zzzz I: 0000zzzz R: 0   0 0000xxxx M: 0 0 0000xxxx 00000000
SIMLOG:: Cycle           7 PC: 0000zzzz I: 0000zzzz R: 0   0 0000xxxx M: 0 0 0000xxxx 00000000
SIMLOG:: Cycle           8 PC: 0000zzzz I: 0000zzzz R: 0   0 0000xxxx M: 0 0 0000xxxx 00000000
SIMLOG:: Cycle           9 PC: 0000zzzz I: 0000zzzz R: 0   0 0000xxxx M: 0 0 0000xxxx 00000000
SIMLOG:: Cycle          10 PC: 0000zzzz I: 0000zzzz R: 0   0 0000xxxx M: 0 0 0000xxxx 00000000
SIMLOG:: Cycle          11 PC: 0000zzzz I: 0000zzzz R: 0   0 0000xxxx M: 0 0 0000xxxx 00000000
SIMLOG:: Cycle          12 PC: 0000zzzz I: 0000zzzz R: 0   0 0000xxxx M: 0 0 0000xxxx 00000000
SIMLOG:: Cycle          13 PC: 0000zzzz I: 0000zzzz R: 0   0 0000xxxx M: 0 0 0000xxxx 00000000
SIMLOG:: Cycle          14 PC: 0000zzzz I: 0000zzzz R: 0   0 0000xxxx M: 0 0 0000xxxx 00000000
SIMLOG:: Cycle          15 PC: 0000zzzz I: 0000zzzz R: 0   0 0000xxxx M: 0 0 0000xxxx 00000000
SIMLOG:: Cycle          16 PC: 0000zzzz I: 0000zzzz R: 0   3 0000xxxx M: 0 0 0000xxxx 00000000
SIMLOG:: Cycle          17 PC: 0000zzzz I: 0000zzzz R: 0   0 0000xxxx M: 0 0 0000xxxx 00000000
SIMLOG:: Cycle          18 PC: 0000zzzz I: 0000zzzz R: 0   0 0000xxxx M: 0 0 0000xxxx 00000000
SIMLOG:: Cycle          19 PC: 0000zzzz I: 0000zzzz R: 0   0 0000xxxx M: 0 0 0000xxxx 00000000
SIMLOG:: Cycle          20 PC: 0000zzzz I: 0000zzzz R: 0   0 0000xxxx M: 0 0 0000xxxx 00000000
SIMLOG:: Cycle          21 PC: 0000zzzz I: 0000zzzz R: 0   0 0000xxxx M: 0 0 0000xxxx 00000000
SIMLOG:: Cycle          22 PC: 0000zzzz I: 0000zzzz R: 0   0 0000xxxx M: 0 0 0000xxxx 00000000
SIMLOG:: Cycle          23 PC: 0000zzzz I: 0000zzzz R: 0   0 0000xxxx M: 0 0 0000xxxx 00000000
SIMLOG:: Cycle          24 PC: 0000zzzz I: 0000zzzz R: 0   0 0000xxxx M: 0 0 0000xxxx 00000000
SIMLOG:: Cycle          25 PC: 0000zzzz I: 0000zzzz R: 0   0 0000xxxx M: 0 0 0000xxxx 00000000
SIMLOG:: Cycle          26 PC: 0000zzzz I: 0000zzzz R: 0   0 0000xxxx M: 0 0 0000xxxx 00000000
SIMLOG:: Cycle          27 PC: 0000zzzz I: 0000zzzz R: 0   0 0000xxxx M: 0 0 0000xxxx 00000000
SIMLOG:: Cycle          28 PC: 0000zzzz I: 0000zzzz R: 0   0 0000xxxx M: 0 0 0000xxxx 00000000
SIMLOG:: Cycle          29 PC: 0000zzzz I: 0000zzzz R: 0   0 0000xxxx M: 0 0 0000xxxx 00000000
SIMLOG:: Cycle          30 PC: 0000zzzz I: 0000zzzz R: 0   0 0000xxxx M: 0 0 0000xxxx 00000000
SIMLOG:: Cycle          31 PC: 0000zzzz I: 0000zzzz R: 0   0 0000xxxx M: 0 0 0000xxxx 00000000
SIMLOG:: Cycle          32 PC: 0000zzzz I: 0000zzzz R: 0   0 0000xxxx M: 0 0 0000xxxx 00000000
SIMLOG:: Cycle          33 PC: 0000zzzz I: 0000zzzz R: 0   0 0000xxxx M: 0 0 00000003 00000000
SIMLOG:: Cycle          34 PC: 0000zzzz I: 0000zzzz R: 1   0 00000003 M: 0 0 00000000 00000000
SIMLOG:: Cycle          35 PC: 0000zzzz I: 0000zzzz R: 0   0 00000000 M: 0 0 00000000 00000000
SIMLOG:: Cycle          36 PC: 0000zzzz I: 0000zzzz R: 0   0 00000000 M: 0 0 00000000 00000000
SIMLOG:: Cycle          37 PC: 0000zzzz I: 0000zzzz R: 0   0 00000000 M: 0 0 00000003 00000003
SIMLOG:: Cycle          38 PC: 0000zzzz I: 0000zzzz R: 0   0 00000003 M: 0 0 00000003 00000003
SIMLOG:: Cycle          39 PC: 0000zzzz I: 0000zzzz R: 0   0 00000003 M: 0 0 00000003 00000003
SIMLOG:: Cycle          40 PC: 0000zzzz I: 0000zzzz R: 0   0 00000003 M: 0 0 00000003 00000003
SIMLOG:: Cycle          41 PC: 0000zzzz I: 0000zzzz R: 0   0 00000003 M: 0 0 00000003 00000003
SIMLOG:: Cycle          42 PC: 0000zzzz I: 0000zzzz R: 0   0 00000003 M: 0 0 00000003 00000003
SIMLOG:: Cycle          43 PC: 0000zzzz I: 0000zzzz R: 0   0 00000003 M: 0 0 00000003 00000003
SIMLOG:: Cycle          44 PC: 0000zzzz I: 0000zzzz R: 0   0 00000003 M: 0 0 00000003 00000003
SIMLOG:: Cycle          45 PC: 0000zzzz I: 0000zzzz R: 0   0 00000003 M: 0 0 00000003 00000003
SIMLOG:: Cycle          46 PC: 0000zzzz I: 0000zzzz R: 0   0 00000003 M: 0 0 00000003 00000003
SIMLOG:: Cycle          47 PC: 0000zzzz I: 0000zzzz R: 0   0 00000003 M: 0 0 00000004 00000003
SIMLOG:: Cycle          48 PC: 0000zzzz I: 0000zzzz R: 1   0 00000004 M: 0 0 00000006 00000003
SIMLOG:: Cycle          49 PC: 0000zzzz I: 0000zzzz R: 1   1 00000006 M: 0 0 00000003 00000003
SIMLOG:: Cycle          50 PC: 0000zzzz I: 0000zzzz R: 0   0 00000003 M: 0 0 00000003 00000003
SIMLOG:: Cycle          51 PC: 0000zzzz I: 0000zzzz R: 0   0 00000003 M: 0 0 00000004 00000004
SIMLOG:: Cycle          52 PC: 0000zzzz I: 0000zzzz R: 0   0 00000004 M: 0 0 00000004 00000004
SIMLOG:: Cycle          53 PC: 0000zzzz I: 0000zzzz R: 0   0 00000004 M: 0 0 00000004 00000004
SIMLOG:: Cycle          54 PC: 0000zzzz I: 0000zzzz R: 0   0 00000004 M: 0 0 00000004 00000004
SIMLOG:: Cycle          55 PC: 0000zzzz I: 0000zzzz R: 0   0 00000004 M: 0 0 00000004 00000004
SIMLOG:: Cycle          56 PC: 0000zzzz I: 0000zzzz R: 0   0 00000004 M: 0 0 00000004 00000004
SIMLOG:: Cycle          57 PC: 0000zzzz I: 0000zzzz R: 0   0 00000004 M: 0 0 00000004 00000004
SIMLOG:: Cycle          58 PC: 0000zzzz I: 0000zzzz R: 0   0 00000004 M: 0 0 00000004 00000004
SIMLOG:: Cycle          59 PC: 0000zzzz I: 0000zzzz R: 0   0 00000004 M: 0 0 00000004 00000004
SIMLOG:: Cycle          60 PC: 0000zzzz I: 0000zzzz R: 0   0 00000004 M: 0 0 00000004 00000004
SIMLOG:: Cycle          61 PC: 0000zzzz I: 0000zzzz R: 0   0 00000004 M: 0 0 00000006 00000006
SIMLOG:: Cycle          62 PC: 0000zzzz I: 0000zzzz R: 0   0 00000006 M: 0 0 00000006 00000006
SIMLOG:: Cycle          63 PC: 0000zzzz I: 0000zzzz R: 0   0 00000006 M: 0 0 00000006 00000006
SIMLOG:: Cycle          64 PC: 0000zzzz I: 0000zzzz R: 0   0 00000006 M: 0 0 00000006 00000006
SIMLOG:: Cycle          65 PC: 0000zzzz I: 0000zzzz R: 0   0 00000006 M: 0 0 00000006 00000006
SIMLOG:: Cycle          66 PC: 0000zzzz I: 0000zzzz R: 0   0 00000006 M: 0 0 00000006 00000006
SIMLOG:: Cycle          67 PC: 0000zzzz I: 0000zzzz R: 0   0 00000006 M: 0 0 00000006 00000006
SIMLOG:: Cycle          68 PC: 0000zzzz I: 0000zzzz R: 0   0 00000006 M: 0 0 00000006 00000006
SIMLOG:: Cycle          69 PC: 0000zzzz I: 0000zzzz R: 0   0 00000006 M: 0 0 00000007 00000006
SIMLOG:: Cycle          70 PC: 0000zzzz I: 0000zzzz R: 1   1 00000007 M: 0 0 00000005 00000004
SIMLOG:: Cycle          71 PC: 0000zzzz I: 0000zzzz R: 1   2 00000005 M: 0 0 00000004 00000004
SIMLOG:: Cycle          72 PC: 0000zzzz I: 0000zzzz R: 0   0 00000004 M: 0 0 00000004 00000004
SIMLOG:: Cycle          73 PC: 0000zzzz I: 0000zzzz R: 0   0 00000004 M: 0 0 00000004 00000004
SIMLOG:: Cycle          74 PC: 0000zzzz I: 0000zzzz R: 0   0 00000004 M: 0 0 00000004 00000004
SIMLOG:: Cycle          75 PC: 0000zzzz I: 0000zzzz R: 0   0 00000004 M: 0 0 00000004 00000004
SIMLOG:: Cycle          76 PC: 0000zzzz I: 0000zzzz R: 0   0 00000004 M: 0 0 00000004 00000004
SIMLOG:: Cycle          77 PC: 0000zzzz I: 0000zzzz R: 0   0 00000004 M: 0 0 00000004 00000004
SIMLOG:: Cycle          78 PC: 0000zzzz I: 0000zzzz R: 0   0 00000004 M: 0 0 00000004 00000004
SIMLOG:: Cycle          79 PC: 0000zzzz I: 0000zzzz R: 0   0 00000004 M: 0 0 00000004 00000004
SIMLOG:: Cycle          80 PC: 0000zzzz I: 0000zzzz R: 0   0 00000004 M: 0 0 00000004 00000004
SIMLOG:: Cycle          81 PC: 0000zzzz I: 0000zzzz R: 0   0 00000004 M: 0 0 00000004 00000004
SIMLOG:: Cycle          82 PC: 0000zzzz I: 0000zzzz R: 0   0 00000004 M: 0 0 00000006 00000005
SIMLOG:: Cycle          83 PC: 0000zzzz I: 0000zzzz R: 1   2 00000006 M: 0 0 00000007 00000004
SIMLOG:: Cycle          84 PC: 0000zzzz I: 0000zzzz R: 1   3 00000007 M: 0 0 00000004 00000004
SIMLOG:: Cycle          85 PC: 0000zzzz I: 0000zzzz R: 0   0 00000004 M: 0 0 00000004 00000004
SIMLOG:: Cycle          86 PC: 0000zzzz I: 0000zzzz R: 0   0 00000004 M: 0 0 00000004 00000004
SIMLOG:: Cycle          87 PC: 0000zzzz I: 0000zzzz R: 0   0 00000004 M: 0 0 00000004 00000004
SIMLOG:: Cycle          88 PC: 0000zzzz I: 0000zzzz R: 0   0 00000004 M: 0 0 00000004 00000004
SIMLOG:: Cycle          89 PC: 0000zzzz I: 0000zzzz R: 0   0 00000004 M: 0 0 00000004 00000004
SIMLOG:: Cycle          90 PC: 0000zzzz I: 0000zzzz R: 0   0 00000004 M: 0 0 00000004 00000004
SIMLOG:: Cycle          91 PC: 0000zzzz I: 0000zzzz R: 0   0 00000004 M: 0 0 00000004 00000004
SIMLOG:: Cycle          92 PC: 0000zzzz I: 0000zzzz R: 0   0 00000004 M: 0 0 00000004 00000004
SIMLOG:: Cycle          93 PC: 0000zzzz I: 0000zzzz R: 0   0 00000004 M: 0 0 00000004 00000004
SIMLOG:: Cycle          94 PC: 0000zzzz I: 0000zzzz R: 0   0 00000004 M: 0 0 00000008 00000007
SIMLOG:: Cycle          95 PC: 0000zzzz I: 0000zzzz R: 1   3 00000008 M: 0 0 00000009 00000004
SIMLOG:: Cycle          96 PC: 0000zzzz I: 0000zzzz R: 1   4 00000009 M: 0 0 00000004 00000004
SIMLOG:: Cycle          97 PC: 0000zzzz I: 0000zzzz R: 0   0 00000004 M: 0 0 00000000 00000000
SIMLOG:: Cycle          98 PC: 0000zzzz I: 0000zzzz R: 0   0 00000000 M: 0 0 00000009 00000009
SIMLOG:: Cycle          99 PC: 0000zzzz I: 0000zzzz R: 0   0 00000009 M: 0 0 00000009 00000009
SIMLOG:: Cycle         100 PC: 0000zzzz I: 0000zzzz R: 0   0 00000009 M: 0 0 00000009 00000009
SIMLOG:: Cycle         101 PC: 0000zzzz I: 0000zzzz R: 0   0 00000009 M: 0 0 00000009 00000009
SIMLOG:: Cycle         102 PC: 0000zzzz I: 0000zzzz R: 0   0 00000009 M: 0 0 00000009 00000009
SIMLOG:: Cycle         103 PC: 0000zzzz I: 0000zzzz R: 0   0 00000009 M: 0 0 00000009 00000009
SIMLOG:: Cycle         104 PC: 0000zzzz I: 0000zzzz R: 0   0 00000009 M: 0 0 00000009 00000009
SIMLOG:: Cycle         105 PC: 0000zzzz I: 0000zzzz R: 0   0 00000009 M: 0 0 0000000a 00000009
SIMLOG:: Cycle         106 PC: 0000zzzz I: 0000zzzz R: 1   4 0000000a M: 0 0 0000000b 00000004
SIMLOG:: Cycle         107 PC: 0000zzzz I: 0000zzzz R: 1   5 0000000b M: 0 0 0000000c 00000000
SIMLOG:: Cycle         108 PC: 0000zzzz I: 0000zzzz R: 1   5 0000000c M: 0 0 0000000b 00000007
SIMLOG:: Cycle         109 PC: 0000zzzz I: 0000zzzz R: 1   0 0000000b M: 0 0 00000006 00000006
SIMLOG:: Cycle         110 PC: 0000zzzz I: 0000zzzz R: 0   2 00000006 M: 0 0 00000006 00000006
SIMLOG:: Cycle         111 PC: 0000zzzz I: 0000zzzz R: 0   2 00000006 M: 0 0 00000006 00000006
SIMLOG:: Cycle         112 PC: 0000zzzz I: 0000zzzz R: 0   2 00000006 M: 0 0 00000006 00000006
SIMLOG:: Cycle         113 PC: 0000zzzz I: 0000zzzz R: 0   2 00000006 M: 0 0 00000006 00000006
SIMLOG:: Cycle         114 PC: 0000zzzz I: 0000zzzz R: 0   2 00000006 M: 0 0 00000006 00000006
SIMLOG:: Cycle         115 PC: 0000zzzz I: 0000zzzz R: 0   2 00000006 M: 0 0 00000006 00000006
SIMLOG:: Cycle         116 PC: 0000zzzz I: 0000zzzz R: 0   2 00000006 M: 0 0 00000006 00000006
SIMLOG:: Cycle         117 PC: 0000zzzz I: 0000zzzz R: 0   2 00000006 M: 0 0 0000000e 00000006
SIMLOG:: Cycle         118 PC: 0000zzzz I: 0000zzzz R: 1   2 0000000e M: 0 0 00000016 0000000c
SIMLOG:: Cycle         119 PC: 0000zzzz I: 0000zzzz R: 1   4 00000016 M: 0 0 00000019 0000000e
SIMLOG:: Cycle         120 PC: 0000zzzz I: 0000zzzz R: 1   0 00000019 M: 0 0 0000002f 00000016
SIMLOG:: Cycle         121 PC: 0000zzzz I: 0000zzzz R: 1   7 0000002f M: 0 0 0000000b 0000000b
SIMLOG:: Cycle         122 PC: 0000zzzz I: 0000zzzz R: 0   0 0000000b M: 0 0 0000000b 0000000b
SIMLOG:: Cycle         123 PC: 0000zzzz I: 0000zzzz R: 0   0 0000000b M: 0 0 00000019 00000019
SIMLOG:: Cycle         124 PC: 0000zzzz I: 0000zzzz R: 0   0 00000019 M: 0 0 00000019 00000019
SIMLOG:: Cycle         125 PC: 0000zzzz I: 0000zzzz R: 0   0 00000019 M: 0 0 00000019 00000019
SIMLOG:: Cycle         126 PC: 0000zzzz I: 0000zzzz R: 0   0 00000019 M: 0 0 00000019 00000019
SIMLOG:: Cycle         127 PC: 0000zzzz I: 0000zzzz R: 0   0 00000019 M: 0 0 00000019 00000019
SIMLOG:: Cycle         128 PC: 0000zzzz I: 0000zzzz R: 0   0 00000019 M: 0 0 00000019 00000019
SIMLOG:: Cycle         129 PC: 0000zzzz I: 0000zzzz R: 0   0 00000019 M: 0 0 00000001 00000019
SIMLOG:: Cycle         130 PC: 0000zzzz I: 0000zzzz R: 1   6 00000001 M: 0 0 00000003 00000019
SIMLOG:: Cycle         131 PC: 0000zzzz I: 0000zzzz R: 1   0 00000003 M: 0 0 00000019 00000019
SIMLOG:: Cycle         132 PC: 0000zzzz I: 0000zzzz R: 0   0 00000019 M: 0 0 00000019 00000019
SIMLOG:: Cycle         133 PC: 0000zzzz I: 0000zzzz R: 0   0 00000019 M: 0 0 00000019 00000019
SIMLOG:: Cycle         134 PC: 0000zzzz I: 0000zzzz R: 0   0 00000019 M: 0 0 00000003 00000003
SIMLOG:: Cycle         135 PC: 0000zzzz I: 0000zzzz R: 0   0 00000003 M: 0 0 00000003 00000003
SIMLOG:: Cycle         136 PC: 0000zzzz I: 0000zzzz R: 0   0 00000003 M: 0 0 00000003 00000003
SIMLOG:: Cycle         137 PC: 0000zzzz I: 0000zzzz R: 0   0 00000003 M: 0 0 00000003 00000003
SIMLOG:: Cycle         138 PC: 0000zzzz I: 0000zzzz R: 0   0 00000003 M: 0 0 00000003 00000003
SIMLOG:: Cycle         139 PC: 0000zzzz I: 0000zzzz R: 0   0 00000003 M: 0 0 00000003 00000003
SIMLOG:: Cycle         140 PC: 0000zzzz I: 0000zzzz R: 0   0 00000003 M: 0 0 00000003 00000003
SIMLOG:: Cycle         141 PC: 0000zzzz I: 0000zzzz R: 0   0 00000003 M: 0 0 00000003 00000003
SIMLOG:: Cycle         142 PC: 0000zzzz I: 0000zzzz R: 0   0 00000003 M: 0 0 00000003 00000003
SIMLOG:: Cycle         143 PC: 0000zzzz I: 0000zzzz R: 0   0 00000003 M: 0 0 00000003 00000003
SIMLOG:: Cycle         144 PC: 0000zzzz I: 0000zzzz R: 0   0 00000003 M: 0 0 00000004 00000003
SIMLOG:: Cycle         145 PC: 0000zzzz I: 0000zzzz R: 1   0 00000004 M: 0 0 00000003 00000003
SIMLOG:: Cycle         146 PC: 0000zzzz I: 0000zzzz R: 0   1 00000003 M: 0 0 00000003 00000003
SIMLOG:: Cycle         147 PC: 0000zzzz I: 0000zzzz R: 0   1 00000003 M: 0 0 00000003 00000003
SIMLOG:: Cycle         148 PC: 0000zzzz I: 0000zzzz R: 0   1 00000003 M: 0 0 00000004 00000004
SIMLOG:: Cycle         149 PC: 0000zzzz I: 0000zzzz R: 0   1 00000004 M: 0 0 00000004 00000004
SIMLOG:: Cycle         150 PC: 0000zzzz I: 0000zzzz R: 0   1 00000004 M: 0 0 00000004 00000004
SIMLOG:: Cycle         151 PC: 0000zzzz I: 0000zzzz R: 0   1 00000004 M: 0 0 00000004 00000004
SIMLOG:: Cycle         152 PC: 0000zzzz I: 0000zzzz R: 0   1 00000004 M: 0 0 00000004 00000004
SIMLOG:: Cycle         153 PC: 0000zzzz I: 0000zzzz R: 0   1 00000004 M: 0 0 00000006 00000004
SIMLOG:: Cycle         154 PC: 0000zzzz I: 0000zzzz R: 1   1 00000006 M: 0 0 00000004 00000004
SIMLOG:: Cycle         155 PC: 0000zzzz I: 0000zzzz R: 0   0 00000004 M: 0 0 00000004 00000004
SIMLOG:: Cycle         156 PC: 0000zzzz I: 0000zzzz R: 0   0 00000004 M: 0 0 00000004 00000004
SIMLOG:: Cycle         157 PC: 0000zzzz I: 0000zzzz R: 0   0 00000004 M: 0 0 00000004 00000004
SIMLOG:: Cycle         158 PC: 0000zzzz I: 0000zzzz R: 0   0 00000004 M: 0 0 00000004 00000004
SIMLOG:: Cycle         159 PC: 0000zzzz I: 0000zzzz R: 0   0 00000004 M: 0 0 00000004 00000004
SIMLOG:: Cycle         160 PC: 0000zzzz I: 0000zzzz R: 0   0 00000004 M: 0 0 00000004 00000004
SIMLOG:: Cycle         161 PC: 0000zzzz I: 0000zzzz R: 0   0 00000004 M: 0 0 00000004 00000004
SIMLOG:: Cycle         162 PC: 0000zzzz I: 0000zzzz R: 0   0 00000004 M: 0 0 00000004 00000004
SIMLOG:: Cycle         163 PC: 0000zzzz I: 0000zzzz R: 0   0 00000004 M: 0 0 00000004 00000004
SIMLOG:: Cycle         164 PC: 0000zzzz I: 0000zzzz R: 0   0 00000004 M: 0 0 00000004 00000004
SIMLOG:: Cycle         165 PC: 0000zzzz I: 0000zzzz R: 0   0 00000004 M: 0 0 00000004 00000004
SIMLOG:: Cycle         166 PC: 0000zzzz I: 0000zzzz R: 0   0 00000004 M: 0 0 00000007 00000006
SIMLOG:: Cycle         167 PC: 0000zzzz I: 0000zzzz R: 1   1 00000007 M: 0 0 00000005 00000004
SIMLOG:: Cycle         168 PC: 0000zzzz I: 0000zzzz R: 1   2 00000005 M: 0 0 00000004 00000004
SIMLOG:: Cycle         169 PC: 0000zzzz I: 0000zzzz R: 0   0 00000004 M: 0 0 00000004 00000004
SIMLOG:: Cycle         170 PC: 0000zzzz I: 0000zzzz R: 0   0 00000004 M: 0 0 00000004 00000004
SIMLOG:: Cycle         171 PC: 0000zzzz I: 0000zzzz R: 0   0 00000004 M: 0 0 00000004 00000004
SIMLOG:: Cycle         172 PC: 0000zzzz I: 0000zzzz R: 0   0 00000004 M: 0 0 00000004 00000004
SIMLOG:: Cycle         173 PC: 0000zzzz I: 0000zzzz R: 0   0 00000004 M: 0 0 00000004 00000004
SIMLOG:: Cycle         174 PC: 0000zzzz I: 0000zzzz R: 0   0 00000004 M: 0 0 00000004 00000004
SIMLOG:: Cycle         175 PC: 0000zzzz I: 0000zzzz R: 0   0 00000004 M: 0 0 00000004 00000004
SIMLOG:: Cycle         176 PC: 0000zzzz I: 0000zzzz R: 0   0 00000004 M: 0 0 00000004 00000004
SIMLOG:: Cycle         177 PC: 0000zzzz I: 0000zzzz R: 0   0 00000004 M: 0 0 00000004 00000004
SIMLOG:: Cycle         178 PC: 0000zzzz I: 0000zzzz R: 0   0 00000004 M: 0 0 00000004 00000004
SIMLOG:: Cycle         179 PC: 0000zzzz I: 0000zzzz R: 0   0 00000004 M: 0 0 00000006 00000005
SIMLOG:: Cycle         180 PC: 0000zzzz I: 0000zzzz R: 1   2 00000006 M: 0 0 00000007 00000004
SIMLOG:: Cycle         181 PC: 0000zzzz I: 0000zzzz R: 1   3 00000007 M: 0 0 00000004 00000004
SIMLOG:: Cycle         182 PC: 0000zzzz I: 0000zzzz R: 0   0 00000004 M: 0 0 00000004 00000004
SIMLOG:: Cycle         183 PC: 0000zzzz I: 0000zzzz R: 0   0 00000004 M: 0 0 00000004 00000004
SIMLOG:: Cycle         184 PC: 0000zzzz I: 0000zzzz R: 0   0 00000004 M: 0 0 00000004 00000004
SIMLOG:: Cycle         185 PC: 0000zzzz I: 0000zzzz R: 0   0 00000004 M: 0 0 00000004 00000004
SIMLOG:: Cycle         186 PC: 0000zzzz I: 0000zzzz R: 0   0 00000004 M: 0 0 00000004 00000004
SIMLOG:: Cycle         187 PC: 0000zzzz I: 0000zzzz R: 0   0 00000004 M: 0 0 00000004 00000004
SIMLOG:: Cycle         188 PC: 0000zzzz I: 0000zzzz R: 0   0 00000004 M: 0 0 00000004 00000004
SIMLOG:: Cycle         189 PC: 0000zzzz I: 0000zzzz R: 0   0 00000004 M: 0 0 00000004 00000004
SIMLOG:: Cycle         190 PC: 0000zzzz I: 0000zzzz R: 0   0 00000004 M: 0 0 00000004 00000004
SIMLOG:: Cycle         191 PC: 0000zzzz I: 0000zzzz R: 0   0 00000004 M: 0 0 00000008 00000007
SIMLOG:: Cycle         192 PC: 0000zzzz I: 0000zzzz R: 1   3 00000008 M: 0 0 00000009 00000004
SIMLOG:: Cycle         193 PC: 0000zzzz I: 0000zzzz R: 1   4 00000009 M: 0 0 00000004 00000004
SIMLOG:: Cycle         194 PC: 0000zzzz I: 0000zzzz R: 0   0 00000004 M: 0 0 00000004 00000004
SIMLOG:: Cycle         195 PC: 0000zzzz I: 0000zzzz R: 0   0 00000004 M: 0 0 00000004 00000004
SIMLOG:: Cycle         196 PC: 0000zzzz I: 0000zzzz R: 0   0 00000004 M: 0 0 00000004 00000004
SIMLOG:: Cycle         197 PC: 0000zzzz I: 0000zzzz R: 0   0 00000004 M: 0 0 00000004 00000004
SIMLOG:: Cycle         198 PC: 0000zzzz I: 0000zzzz R: 0   0 00000004 M: 0 0 00000004 00000004
SIMLOG:: Cycle         199 PC: 0000zzzz I: 0000zzzz R: 0   0 00000004 M: 0 0 00000004 00000004
SIMLOG:: Cycle         200 PC: 0000zzzz I: 0000zzzz R: 0   0 00000004 M: 0 0 00000004 00000004
SIMLOG:: Cycle         201 PC: 0000zzzz I: 0000zzzz R: 0   0 00000004 M: 0 0 00000004 00000004
SIMLOG:: Cycle         202 PC: 0000zzzz I: 0000zzzz R: 0   0 00000004 M: 0 0 0000000a 00000009
SIMLOG:: Cycle         203 PC: 0000zzzz I: 0000zzzz R: 1   4 0000000a M: 0 0 0000000b 00000004
SIMLOG:: Cycle         204 PC: 0000zzzz I: 0000zzzz R: 1   5 0000000b M: 0 0 0000000c 0000000b
SIMLOG:: Cycle         205 PC: 0000zzzz I: 0000zzzz R: 1   5 0000000c M: 0 0 00000004 00000004
SIMLOG:: Cycle         206 PC: 0000zzzz I: 0000zzzz R: 0   0 00000004 M: 0 0 00000004 00000004
SIMLOG:: Cycle         207 PC: 0000zzzz I: 0000zzzz R: 0   0 00000004 M: 0 0 00000004 00000004
SIMLOG:: Cycle         208 PC: 0000zzzz I: 0000zzzz R: 0   0 00000004 M: 0 0 00000004 00000004
SIMLOG:: Cycle         209 PC: 0000zzzz I: 0000zzzz R: 0   0 00000004 M: 0 0 00000004 00000004
SIMLOG:: Cycle         210 PC: 0000zzzz I: 0000zzzz R: 0   0 00000004 M: 0 0 00000004 00000004
SIMLOG:: Cycle         211 PC: 0000zzzz I: 0000zzzz R: 0   0 00000004 M: 0 0 00000004 00000004
SIMLOG:: Cycle         212 PC: 0000zzzz I: 0000zzzz R: 0   0 00000004 M: 0 0 00000004 00000004
SIMLOG:: Cycle         213 PC: 0000zzzz I: 0000zzzz R: 0   0 00000004 M: 0 0 0000000b 00000004
SIMLOG:: Cycle         214 PC: 0000zzzz I: 0000zzzz R: 1   0 0000000b M: 0 0 0000000e 00000008
SIMLOG:: Cycle         215 PC: 0000zzzz I: 0000zzzz R: 1   2 0000000e M: 0 0 00000016 0000000a
SIMLOG:: Cycle         216 PC: 0000zzzz I: 0000zzzz R: 1   4 00000016 M: 0 0 00000019 0000000b
SIMLOG:: Cycle         217 PC: 0000zzzz I: 0000zzzz R: 1   0 00000019 M: 0 0 00000019 00000019
SIMLOG:: Cycle         218 PC: 0000zzzz I: 0000zzzz R: 0   6 00000019 M: 0 0 00000019 00000019
SIMLOG:: Cycle         219 PC: 0000zzzz I: 0000zzzz R: 0   6 00000019 M: 0 0 00000019 00000019
SIMLOG:: Cycle         220 PC: 0000zzzz I: 0000zzzz R: 0   6 00000019 M: 0 0 00000019 00000019
SIMLOG:: Cycle         221 PC: 0000zzzz I: 0000zzzz R: 0   6 00000019 M: 0 0 00000019 00000019
SIMLOG:: Cycle         222 PC: 0000zzzz I: 0000zzzz R: 0   6 00000019 M: 0 0 00000019 00000019
SIMLOG:: Cycle         223 PC: 0000zzzz I: 0000zzzz R: 0   6 00000019 M: 0 0 00000019 00000019
SIMLOG:: Cycle         224 PC: 0000zzzz I: 0000zzzz R: 0   6 00000019 M: 0 0 00000019 00000019
SIMLOG:: Cycle         225 PC: 0000zzzz I: 0000zzzz R: 0   6 00000019 M: 0 0 0000002f 00000019
SIMLOG:: Cycle         226 PC: 0000zzzz I: 0000zzzz R: 1   6 0000002f M: 0 0 0000005e 0000002f
SIMLOG:: Cycle         227 PC: 0000zzzz I: 0000zzzz R: 1   7 0000005e M: 0 0 0000000c 00000019
SIMLOG:: Cycle         228 PC: 0000zzzz I: 0000zzzz R: 1   0 0000000c M: 0 0 00000019 00000019
SIMLOG:: Cycle         229 PC: 0000zzzz I: 0000zzzz R: 0   0 00000019 M: 0 0 00000019 00000019
SIMLOG:: Cycle         230 PC: 0000zzzz I: 0000zzzz R: 0   0 00000019 M: 0 0 00000019 00000019
SIMLOG:: Cycle         231 PC: 0000zzzz I: 0000zzzz R: 0   0 00000019 M: 0 0 0000000c 0000000c
SIMLOG:: Cycle         232 PC: 0000zzzz I: 0000zzzz R: 0   0 0000000c M: 0 0 0000000c 0000000c
SIMLOG:: Cycle         233 PC: 0000zzzz I: 0000zzzz R: 0   0 0000000c M: 0 0 0000000c 0000000c
SIMLOG:: Cycle         234 PC: 0000zzzz I: 0000zzzz R: 0   0 0000000c M: 0 0 0000000c 0000000c
SIMLOG:: Cycle         235 PC: 0000zzzz I: 0000zzzz R: 0   0 0000000c M: 0 0 0000000c 0000000c
SIMLOG:: Cycle         236 PC: 0000zzzz I: 0000zzzz R: 0   0 0000000c M: 0 0 0000000c 0000000c
SIMLOG:: Cycle         237 PC: 0000zzzz I: 0000zzzz R: 0   0 0000000c M: 0 0 0000000c 0000000c
SIMLOG:: Cycle         238 PC: 0000zzzz I: 0000zzzz R: 0   0 0000000c M: 0 0 0000000c 0000000c
SIMLOG:: Cycle         239 PC: 0000zzzz I: 0000zzzz R: 0   0 0000000c M: 0 0 0000000c 0000000c
SIMLOG:: Cycle         240 PC: 0000zzzz I: 0000zzzz R: 0   0 0000000c M: 0 1 0000000c 0000005e
SIMLOG:: Cycle         241 PC: 0000zzzz I: 0000zzzz R: 0   0 0000000c M: 0 0 0000000c 0000000c
SIMLOG:: Cycle         242 PC: 0000zzzz I: 0000zzzz R: 0   4 0000000c M: 0 0 0000000c 0000000c
SIMLOG:: Cycle         243 PC: 0000zzzz I: 0000zzzz R: 0   4 0000000c M: 0 0 0000000c 0000000c
SIMLOG:: Cycle         244 PC: 0000zzzz I: 0000zzzz R: 0   4 0000000c M: 0 0 0000000c 0000000c
SIMLOG:: Cycle         245 PC: 0000zzzz I: 0000zzzz R: 0   4 0000000c M: 0 0 0000000c 0000000c
SIMLOG:: Cycle         246 PC: 0000zzzz I: 0000zzzz R: 0   4 0000000c M: 0 0 0000000c 0000000c
SIMLOG:: Cycle         247 PC: 0000zzzz I: 0000zzzz R: 0   4 0000000c M: 0 0 0000000c 0000000c
SIMLOG:: Cycle         248 PC: 0000zzzz I: 0000zzzz R: 0   4 0000000c M: 0 0 0000000c 0000000c
SIMLOG:: Cycle         249 PC: 0000zzzz I: 0000zzzz R: 0   4 0000000c M: 0 0 00000010 0000000c
SIMLOG:: Cycle         250 PC: 0000zzzz I: 0000zzzz R: 1   0 00000010 M: 0 0 0000000c 0000000c
SIMLOG:: Cycle         251 PC: 0000zzzz I: 0000zzzz R: 0   0 0000000c M: 0 0 0000000c 0000000c
SIMLOG:: Cycle         252 PC: 0000zzzz I: 0000zzzz R: 0   0 0000000c M: 0 0 0000000c 0000000c
SIMLOG:: Cycle         253 PC: 0000zzzz I: 0000zzzz R: 0   0 0000000c M: 0 0 0000005e 0000005e
SIMLOG:: Cycle         254 PC: 0000zzzz I: 0000zzzz R: 0   0 0000005e M: 0 0 0000005e 0000005e
SIMLOG:: Cycle         255 PC: 0000zzzz I: 0000zzzz R: 0   0 0000005e M: 0 0 0000005e 0000005e
SIMLOG:: Cycle         256 PC: 0000zzzz I: 0000zzzz R: 0   0 0000005e M: 0 0 0000005e 0000005e
SIMLOG:: Cycle         257 PC: 0000zzzz I: 0000zzzz R: 0   0 0000005e M: 0 0 0000005e 0000005e
SIMLOG:: Cycle         258 PC: 0000zzzz I: 0000zzzz R: 0   0 0000005e M: 0 0 0000005e 0000005e
SIMLOG:: Cycle         259 PC: 0000zzzz I: 0000zzzz R: 0   0 0000005e M: 0 0 0000005e 0000005e
SIMLOG:: Cycle         260 PC: 0000zzzz I: 0000zzzz R: 0   0 0000005e M: 0 0 0000005e 0000005e
SIMLOG:: Cycle         261 PC: 0000zzzz I: 0000zzzz R: 0   0 0000005e M: 0 1 00000010 0000005e
SIMLOG:: Cycle         262 PC: 0000zzzz I: 0000zzzz R: 0   0 00000010 M: 0 0 00000014 00000010
SIMLOG:: Cycle         263 PC: 0000zzzz I: 0000zzzz R: 1   0 00000014 M: 0 0 00000010 00000010
SIMLOG:: Cycle         264 PC: 0000zzzz I: 0000zzzz R: 0   0 00000010 M: 0 0 00000010 00000010
SIMLOG:: Cycle         265 PC: 0000zzzz I: 0000zzzz R: 0   0 00000010 M: 0 0 0000005e 0000005e
SIMLOG:: Cycle         266 PC: 0000zzzz I: 0000zzzz R: 0   0 0000005e M: 0 0 0000005e 0000005e
SIMLOG:: Cycle         267 PC: 0000zzzz I: 0000zzzz R: 0   0 0000005e M: 0 0 0000005e 0000005e
SIMLOG:: Cycle         268 PC: 0000zzzz I: 0000zzzz R: 0   0 0000005e M: 0 0 0000005e 0000005e
SIMLOG:: Cycle         269 PC: 0000zzzz I: 0000zzzz R: 0   0 0000005e M: 0 0 0000005e 0000005e
SIMLOG:: Cycle         270 PC: 0000zzzz I: 0000zzzz R: 0   0 0000005e M: 0 0 0000005e 0000005e
SIMLOG:: Cycle         271 PC: 0000zzzz I: 0000zzzz R: 0   0 0000005e M: 0 0 0000005e 0000005e
SIMLOG:: Cycle         272 PC: 0000zzzz I: 0000zzzz R: 0   0 0000005e M: 0 0 0000005e 0000005e
SIMLOG:: Cycle         273 PC: 0000zzzz I: 0000zzzz R: 0   0 0000005e M: 0 1 00000014 0000005e
SIMLOG:: Cycle         274 PC: 0000zzzz I: 0000zzzz R: 0   0 00000014 M: 0 0 00000018 00000014
SIMLOG:: Cycle         275 PC: 0000zzzz I: 0000zzzz R: 1   0 00000018 M: 0 0 00000014 00000014
SIMLOG:: Cycle         276 PC: 0000zzzz I: 0000zzzz R: 0   0 00000014 M: 0 1 00000018 0000005e
SIMLOG:: Cycle         277 PC: 0000zzzz I: 0000zzzz R: 0   0 00000018 M: 0 0 00000014 00000014
SIMLOG:: Cycle         278 PC: 0000zzzz I: 0000zzzz R: 0   6 00000014 M: 0 0 00000018 00000018
SIMLOG:: Cycle         279 PC: 0000zzzz I: 0000zzzz R: 0   6 00000018 M: 0 0 00000018 00000018
SIMLOG:: Cycle         280 PC: 0000zzzz I: 0000zzzz R: 0   6 00000018 M: 0 0 00000018 00000018
SIMLOG:: Cycle         281 PC: 0000zzzz I: 0000zzzz R: 0   6 00000018 M: 0 0 00000018 00000018
SIMLOG:: Cycle         282 PC: 0000zzzz I: 0000zzzz R: 0   6 00000018 M: 0 0 00000018 00000018
SIMLOG:: Cycle         283 PC: 0000zzzz I: 0000zzzz R: 0   6 00000018 M: 0 0 00000018 00000018
SIMLOG:: Cycle         284 PC: 0000zzzz I: 0000zzzz R: 0   6 00000018 M: 0 0 00000018 00000018
SIMLOG:: Cycle         285 PC: 0000zzzz I: 0000zzzz R: 0   6 00000018 M: 0 0 0000001a 00000018
SIMLOG:: Cycle         286 PC: 0000zzzz I: 0000zzzz R: 1   0 0000001a M: 0 1 0000001c 0000002f
SIMLOG:: Cycle         287 PC: 0000zzzz I: 0000zzzz R: 1   0 0000001c M: 0 0 00000018 00000018
SIMLOG:: Cycle         288 PC: 0000zzzz I: 0000zzzz R: 0   0 00000018 M: 0 0 00000018 00000018
SIMLOG:: Cycle         289 PC: 0000zzzz I: 0000zzzz R: 0   0 00000018 M: 0 0 0000001a 0000001a
SIMLOG:: Cycle         290 PC: 0000zzzz I: 0000zzzz R: 0   0 0000001a M: 0 0 0000001c 0000001c
SIMLOG:: Cycle         291 PC: 0000zzzz I: 0000zzzz R: 0   0 0000001c M: 0 0 0000001c 0000001c
SIMLOG:: Cycle         292 PC: 0000zzzz I: 0000zzzz R: 0   0 0000001c M: 0 0 0000001c 0000001c
SIMLOG:: Cycle         293 PC: 0000zzzz I: 0000zzzz R: 0   0 0000001c M: 0 0 0000001c 0000001c
SIMLOG:: Cycle         294 PC: 0000zzzz I: 0000zzzz R: 0   0 0000001c M: 0 0 0000001c 0000001c
SIMLOG:: Cycle         295 PC: 0000zzzz I: 0000zzzz R: 0   0 0000001c M: 0 0 0000001c 0000001c
SIMLOG:: Cycle         296 PC: 0000zzzz I: 0000zzzz R: 0   0 0000001c M: 0 0 0000001c 0000001c
SIMLOG:: Cycle         297 PC: 0000zzzz I: 0000zzzz R: 0   0 0000001c M: 0 0 0000001c 0000001c
SIMLOG:: Cycle         298 PC: 0000zzzz I: 0000zzzz R: 0   0 0000001c M: 0 0 0000001c 0000001c
SIMLOG:: Cycle         299 PC: 0000zzzz I: 0000zzzz R: 0   0 0000001c M: 0 1 0000001e 0000002f
SIMLOG:: Cycle         300 PC: 0000zzzz I: 0000zzzz R: 1   0 0000001e M: 0 0 0000001c 0000001c
SIMLOG:: Cycle         301 PC: 0000zzzz I: 0000zzzz R: 0   0 0000001c M: 0 0 0000001c 0000001c
SIMLOG:: Cycle         302 PC: 0000zzzz I: 0000zzzz R: 0   0 0000001c M: 0 0 0000001c 0000001c
SIMLOG:: Cycle         303 PC: 0000zzzz I: 0000zzzz R: 0   0 0000001c M: 0 0 0000001e 0000001e
SIMLOG:: Cycle         304 PC: 0000zzzz I: 0000zzzz R: 0   0 0000001e M: 0 0 0000001e 0000001e
SIMLOG:: Cycle         305 PC: 0000zzzz I: 0000zzzz R: 0   0 0000001e M: 0 0 0000001e 0000001e
SIMLOG:: Cycle         306 PC: 0000zzzz I: 0000zzzz R: 0   0 0000001e M: 0 0 0000001e 0000001e
SIMLOG:: Cycle         307 PC: 0000zzzz I: 0000zzzz R: 0   0 0000001e M: 0 0 0000001e 0000001e
SIMLOG:: Cycle         308 PC: 0000zzzz I: 0000zzzz R: 0   0 0000001e M: 0 0 0000001e 0000001e
SIMLOG:: Cycle         309 PC: 0000zzzz I: 0000zzzz R: 0   0 0000001e M: 0 0 0000001e 0000001e
SIMLOG:: Cycle         310 PC: 0000zzzz I: 0000zzzz R: 0   0 0000001e M: 0 0 0000001e 0000001e
SIMLOG:: Cycle         311 PC: 0000zzzz I: 0000zzzz R: 0   0 0000001e M: 0 1 00000020 0000002f
SIMLOG:: Cycle         312 PC: 0000zzzz I: 0000zzzz R: 1   0 00000020 M: 0 0 0000001e 0000001e
SIMLOG:: Cycle         313 PC: 0000zzzz I: 0000zzzz R: 0   0 0000001e M: 0 0 0000001e 0000001e
SIMLOG:: Cycle         314 PC: 0000zzzz I: 0000zzzz R: 0   0 0000001e M: 0 0 0000001e 0000001e
SIMLOG:: Cycle         315 PC: 0000zzzz I: 0000zzzz R: 0   0 0000001e M: 0 0 00000020 00000020
SIMLOG:: Cycle         316 PC: 0000zzzz I: 0000zzzz R: 0   0 00000020 M: 0 0 00000020 00000020
SIMLOG:: Cycle         317 PC: 0000zzzz I: 0000zzzz R: 0   0 00000020 M: 0 0 00000020 00000020
SIMLOG:: Cycle         318 PC: 0000zzzz I: 0000zzzz R: 0   0 00000020 M: 0 0 00000020 00000020
SIMLOG:: Cycle         319 PC: 0000zzzz I: 0000zzzz R: 0   0 00000020 M: 0 0 00000020 00000020
SIMLOG:: Cycle         320 PC: 0000zzzz I: 0000zzzz R: 0   0 00000020 M: 0 0 00000020 00000020
SIMLOG:: Cycle         321 PC: 0000zzzz I: 0000zzzz R: 0   0 00000020 M: 0 0 00000020 00000020
SIMLOG:: Cycle         322 PC: 0000zzzz I: 0000zzzz R: 0   0 00000020 M: 0 1 00000022 0000002f
SIMLOG:: Cycle         323 PC: 0000zzzz I: 0000zzzz R: 1   0 00000022 M: 0 0 00000020 00000020
SIMLOG:: Cycle         324 PC: 0000zzzz I: 0000zzzz R: 0   0 00000020 M: 0 1 00000024 0000002f
SIMLOG:: Cycle         325 PC: 0000zzzz I: 0000zzzz R: 1   0 00000024 M: 0 0 0000005e 0000005e
SIMLOG:: Cycle         326 PC: 0000zzzz I: 0000zzzz R: 0   0 0000005e M: 0 0 0000005e 0000005e
SIMLOG:: Cycle         327 PC: 0000zzzz I: 0000zzzz R: 0   0 0000005e M: 0 0 0000005e 0000005e
SIMLOG:: Cycle         328 PC: 0000zzzz I: 0000zzzz R: 0   0 0000005e M: 0 0 0000005e 0000005e
SIMLOG:: Cycle         329 PC: 0000zzzz I: 0000zzzz R: 0   0 0000005e M: 0 0 0000005e 0000005e
SIMLOG:: Cycle         330 PC: 0000zzzz I: 0000zzzz R: 0   0 0000005e M: 0 0 0000005e 0000005e
SIMLOG:: Cycle         331 PC: 0000zzzz I: 0000zzzz R: 0   0 0000005e M: 0 0 0000005e 0000005e
SIMLOG:: Cycle         332 PC: 0000zzzz I: 0000zzzz R: 0   0 0000005e M: 0 0 0000005e 0000005e
SIMLOG:: Cycle         333 PC: 0000zzzz I: 0000zzzz R: 0   0 0000005e M: 0 1 00000026 0000005e
SIMLOG:: Cycle         334 PC: 0000zzzz I: 0000zzzz R: 1   0 00000026 M: 0 0 0000000c 00000024
SIMLOG:: Cycle         335 PC: 0000zzzz I: 0000zzzz R: 1   0 0000000c M: 0 0 00000024 00000024
SIMLOG:: Cycle         336 PC: 0000zzzz I: 0000zzzz R: 0   0 00000024 M: 0 0 00000024 00000024
SIMLOG:: Cycle         337 PC: 0000zzzz I: 0000zzzz R: 0   0 00000024 M: 0 0 00000026 00000026
SIMLOG:: Cycle         338 PC: 0000zzzz I: 0000zzzz R: 0   0 00000026 M: 0 0 0000000c 0000000c
SIMLOG:: Cycle         339 PC: 0000zzzz I: 0000zzzz R: 0   0 0000000c M: 0 0 0000000c 0000000c
SIMLOG:: Cycle         340 PC: 0000zzzz I: 0000zzzz R: 0   0 0000000c M: 0 0 0000000c 0000000c
SIMLOG:: Cycle         341 PC: 0000zzzz I: 0000zzzz R: 0   0 0000000c M: 0 0 0000000c 0000000c
SIMLOG:: Cycle         342 PC: 0000zzzz I: 0000zzzz R: 0   0 0000000c M: 0 0 0000000c 0000000c
SIMLOG:: Cycle         343 PC: 0000zzzz I: 0000zzzz R: 0   0 0000000c M: 0 0 0000000c 0000000c
SIMLOG:: Cycle         344 PC: 0000zzzz I: 0000zzzz R: 0   0 0000000c M: 0 0 0000000c 0000000c
SIMLOG:: Cycle         345 PC: 0000zzzz I: 0000zzzz R: 0   0 0000000c M: 0 0 0000000c 0000000c
SIMLOG:: Cycle         346 PC: 0000zzzz I: 0000zzzz R: 0   0 0000000c M: 1 0 0000000c 00000007
SIMLOG:: Cycle         347 PC: 0000zzzz I: 0000zzzz R: 1   1 0000005e M: 0 0 0000000c 0000000c
SIMLOG:: Cycle         348 PC: 0000zzzz I: 0000zzzz R: 0   0 0000000c M: 0 0 0000000c 0000000c
SIMLOG:: Cycle         349 PC: 0000zzzz I: 0000zzzz R: 0   0 0000000c M: 0 0 0000000c 0000000c
SIMLOG:: Cycle         350 PC: 0000zzzz I: 0000zzzz R: 0   0 0000000c M: 0 0 0000000c 0000000c
SIMLOG:: Cycle         351 PC: 0000zzzz I: 0000zzzz R: 0   0 0000000c M: 0 0 0000000c 0000000c
SIMLOG:: Cycle         352 PC: 0000zzzz I: 0000zzzz R: 0   0 0000000c M: 0 0 0000000c 0000000c
SIMLOG:: Cycle         353 PC: 0000zzzz I: 0000zzzz R: 0   0 0000000c M: 0 0 0000000c 0000000c
SIMLOG:: Cycle         354 PC: 0000zzzz I: 0000zzzz R: 0   0 0000000c M: 0 0 0000000c 0000000c
SIMLOG:: Cycle         355 PC: 0000zzzz I: 0000zzzz R: 0   0 0000000c M: 0 0 0000000c 0000000c
SIMLOG:: Cycle         356 PC: 0000zzzz I: 0000zzzz R: 0   0 0000000c M: 0 0 0000000c 0000000c
SIMLOG:: Cycle         357 PC: 0000zzzz I: 0000zzzz R: 0   0 0000000c M: 0 0 0000000c 0000000c
SIMLOG:: Cycle         358 PC: 0000zzzz I: 0000zzzz R: 0   0 0000000c M: 0 0 0000005e 0000002f
SIMLOG:: Cycle         359 PC: 0000zzzz I: 0000zzzz R: 1   6 0000005e M: 0 0 0000000c 0000000c
SIMLOG:: Cycle         360 PC: 0000zzzz I: 0000zzzz R: 1   1 0000000c M: 0 0 0000000c 0000000c
SIMLOG:: Cycle         361 PC: 0000zzzz I: 0000zzzz R: 0   0 0000000c M: 0 0 0000000c 0000000c
SIMLOG:: Cycle         362 PC: 0000zzzz I: 0000zzzz R: 0   0 0000000c M: 0 0 0000000c 0000000c
SIMLOG:: Cycle         363 PC: 0000zzzz I: 0000zzzz R: 0   0 0000000c M: 0 0 0000000c 0000000c
SIMLOG:: Cycle         364 PC: 0000zzzz I: 0000zzzz R: 0   0 0000000c M: 0 0 0000000c 0000000c
SIMLOG:: Cycle         365 PC: 0000zzzz I: 0000zzzz R: 0   0 0000000c M: 0 0 0000000c 0000000c
SIMLOG:: Cycle         366 PC: 0000zzzz I: 0000zzzz R: 0   0 0000000c M: 0 0 0000000c 0000000c
SIMLOG:: Cycle         367 PC: 0000zzzz I: 0000zzzz R: 0   0 0000000c M: 0 0 0000000c 0000000c
SIMLOG:: Cycle         368 PC: 0000zzzz I: 0000zzzz R: 0   0 0000000c M: 0 0 0000000c 0000000c
SIMLOG:: Cycle         369 PC: 0000zzzz I: 0000zzzz R: 0   0 0000000c M: 0 0 0000000c 0000000c
SIMLOG:: Cycle         370 PC: 0000zzzz I: 0000zzzz R: 0   0 0000000c M: 1 0 0000000c 0000000e
SIMLOG:: Cycle         371 PC: 0000zzzz I: 0000zzzz R: 1   2 0000005e M: 0 0 0000000c 0000000c
SIMLOG:: Cycle         372 PC: 0000zzzz I: 0000zzzz R: 0   0 0000000c M: 0 0 0000000c 0000000c
SIMLOG:: Cycle         373 PC: 0000zzzz I: 0000zzzz R: 0   0 0000000c M: 0 0 0000005e 0000005e
SIMLOG:: Cycle         374 PC: 0000zzzz I: 0000zzzz R: 0   6 0000005e M: 0 0 0000005e 0000005e
SIMLOG:: Cycle         375 PC: 0000zzzz I: 0000zzzz R: 0   6 0000005e M: 0 0 0000005e 0000005e
SIMLOG:: Cycle         376 PC: 0000zzzz I: 0000zzzz R: 0   6 0000005e M: 0 0 0000005e 0000005e
SIMLOG:: Cycle         377 PC: 0000zzzz I: 0000zzzz R: 0   6 0000005e M: 0 0 0000005e 0000005e
SIMLOG:: Cycle         378 PC: 0000zzzz I: 0000zzzz R: 0   6 0000005e M: 0 0 0000005e 0000005e
SIMLOG:: Cycle         379 PC: 0000zzzz I: 0000zzzz R: 0   6 0000005e M: 0 0 0000005e 0000005e
SIMLOG:: Cycle         380 PC: 0000zzzz I: 0000zzzz R: 0   6 0000005e M: 0 0 0000005e 0000005e
SIMLOG:: Cycle         381 PC: 0000zzzz I: 0000zzzz R: 0   6 0000005e M: 0 0 000000bc 0000005e
SIMLOG:: Cycle         382 PC: 0000zzzz I: 0000zzzz R: 1   6 000000bc M: 0 0 0000000c 0000000c
SIMLOG:: Cycle         383 PC: 0000zzzz I: 0000zzzz R: 1   2 0000000c M: 0 0 0000000c 0000000c
SIMLOG:: Cycle         384 PC: 0000zzzz I: 0000zzzz R: 0   0 0000000c M: 1 0 0000000c 00000008
SIMLOG:: Cycle         385 PC: 0000zzzz I: 0000zzzz R: 1   3 0000005e M: 0 0 0000000c 0000000c
SIMLOG:: Cycle         386 PC: 0000zzzz I: 0000zzzz R: 0   0 0000000c M: 0 0 0000000c 0000000c
SIMLOG:: Cycle         387 PC: 0000zzzz I: 0000zzzz R: 0   0 0000000c M: 0 0 0000000c 0000000c
SIMLOG:: Cycle         388 PC: 0000zzzz I: 0000zzzz R: 0   0 0000000c M: 0 0 0000000c 0000000c
SIMLOG:: Cycle         389 PC: 0000zzzz I: 0000zzzz R: 0   0 0000000c M: 0 0 0000000c 0000000c
SIMLOG:: Cycle         390 PC: 0000zzzz I: 0000zzzz R: 0   0 0000000c M: 0 0 0000000c 0000000c
SIMLOG:: Cycle         391 PC: 0000zzzz I: 0000zzzz R: 0   0 0000000c M: 0 0 0000000c 0000000c
SIMLOG:: Cycle         392 PC: 0000zzzz I: 0000zzzz R: 0   0 0000000c M: 0 0 0000000c 0000000c
SIMLOG:: Cycle         393 PC: 0000zzzz I: 0000zzzz R: 0   0 0000000c M: 0 0 0000000c 0000000c
SIMLOG:: Cycle         394 PC: 0000zzzz I: 0000zzzz R: 0   0 0000000c M: 0 0 0000011a 0000005e
SIMLOG:: Cycle         395 PC: 0000zzzz I: 0000zzzz R: 1   6 0000011a M: 0 0 0000000c 0000000c
SIMLOG:: Cycle         396 PC: 0000zzzz I: 0000zzzz R: 1   3 0000000c M: 1 0 0000000c 00000016
SIMLOG:: Cycle         397 PC: 0000zzzz I: 0000zzzz R: 1   4 0000005e M: 0 0 0000005e 0000005e
SIMLOG:: Cycle         398 PC: 0000zzzz I: 0000zzzz R: 0   6 0000005e M: 0 0 0000005e 0000005e
SIMLOG:: Cycle         399 PC: 0000zzzz I: 0000zzzz R: 0   6 0000005e M: 0 0 0000005e 0000005e
SIMLOG:: Cycle         400 PC: 0000zzzz I: 0000zzzz R: 0   6 0000005e M: 0 0 0000005e 0000005e
SIMLOG:: Cycle         401 PC: 0000zzzz I: 0000zzzz R: 0   6 0000005e M: 0 0 0000005e 0000005e
SIMLOG:: Cycle         402 PC: 0000zzzz I: 0000zzzz R: 0   6 0000005e M: 0 0 0000005e 0000005e
SIMLOG:: Cycle         403 PC: 0000zzzz I: 0000zzzz R: 0   6 0000005e M: 0 0 0000005e 0000005e
SIMLOG:: Cycle         404 PC: 0000zzzz I: 0000zzzz R: 0   6 0000005e M: 0 0 0000005e 0000005e
SIMLOG:: Cycle         405 PC: 0000zzzz I: 0000zzzz R: 0   6 0000005e M: 0 0 00000178 0000005e
SIMLOG:: Cycle         406 PC: 0000zzzz I: 0000zzzz R: 1   6 00000178 M: 0 1 0000000a 00000178
SIMLOG:: Cycle         407 PC: 0000zzzz I: 0000zzzz R: 0   3 0000000a M: 0 0 00000000 0000000c
SIMLOG:: Cycle         408 PC: 0000zzzz I: 0000zzzz R: 1   3 00000000 M: 0 0 0000000c 0000000c
SIMLOG:: Cycle         409 PC: 0000zzzz I: 0000zzzz R: 0   2 0000000c M: 0 0 0000000c 0000000c
SIMLOG:: Cycle         410 PC: 0000zzzz I: 0000zzzz R: 0   0 0000000c M: 0 0 0000000c 0000000c
SIMLOG:: Cycle         411 PC: 0000zzzz I: 0000zzzz R: 0   0 0000000c M: 0 0 0000000c 0000000c
SIMLOG:: Cycle         412 PC: 0000zzzz I: 0000zzzz R: 0   0 0000000c M: 0 0 0000000c 0000000c
SIMLOG:: Cycle         413 PC: 0000zzzz I: 0000zzzz R: 0   0 0000000c M: 0 0 0000000c 0000000c
SIMLOG:: Cycle         414 PC: 0000zzzz I: 0000zzzz R: 0   0 0000000c M: 0 0 0000000c 0000000c
SIMLOG:: Cycle         415 PC: 0000zzzz I: 0000zzzz R: 0   0 0000000c M: 0 0 0000000c 0000000c
SIMLOG:: Cycle         416 PC: 0000zzzz I: 0000zzzz R: 0   0 0000000c M: 0 0 0000000c 0000000c
SIMLOG:: Cycle         417 PC: 0000zzzz I: 0000zzzz R: 0   0 0000000c M: 0 0 0000000c 0000000c
SIMLOG:: Cycle         418 PC: 0000zzzz I: 0000zzzz R: 0   0 0000000c M: 0 0 00000000 00000000
SIMLOG:: Cycle         419 PC: 0000zzzz I: 0000zzzz R: 0   0 00000000 M: 0 0 00000000 00000000
SIMLOG:: Cycle         420 PC: 0000zzzz I: 0000zzzz R: 0   0 00000000 M: 0 0 00000000 00000000
SIMLOG:: Cycle         421 PC: 0000zzzz I: 0000zzzz R: 0   0 00000000 M: 0 0 00000000 00000000
SIMLOG:: Cycle         422 PC: 0000zzzz I: 0000zzzz R: 0   0 00000000 M: 0 0 00000000 00000000
SIMLOG:: Cycle         423 PC: 0000zzzz I: 0000zzzz R: 0   0 00000000 M: 0 0 00000000 00000000
SIMLOG:: Cycle         424 PC: 0000zzzz I: 0000zzzz R: 0   0 00000000 M: 0 0 00000000 00000000
SIMLOG:: Cycle         425 PC: 0000zzzz I: 0000zzzz R: 0   0 00000000 M: 0 0 00000000 00000000
SIMLOG:: Cycle         426 PC: 0000zzzz I: 0000zzzz R: 0   0 00000000 M: 1 0 0000000c 00000000
SIMLOG:: Cycle         427 PC: 0000zzzz I: 0000zzzz R: 1   3 0000005e M: 0 0 0000006a 0000000c
SIMLOG:: Cycle         428 PC: 0000zzzz I: 0000zzzz R: 0   2 0000006a M: 0 0 0000000c 0000000c
SIMLOG:: Cycle         429 PC: 0000zzzz I: 0000zzzz R: 0   0 0000000c M: 0 0 0000000c 0000000c
SIMLOG:: Cycle         430 PC: 0000zzzz I: 0000zzzz R: 0   0 0000000c M: 0 0 0000000c 0000000c
SIMLOG:: Cycle         431 PC: 0000zzzz I: 0000zzzz R: 0   0 0000000c M: 0 0 0000000c 0000000c
SIMLOG:: Cycle         432 PC: 0000zzzz I: 0000zzzz R: 0   0 0000000c M: 0 0 0000000c 0000000c
SIMLOG:: Cycle         433 PC: 0000zzzz I: 0000zzzz R: 0   0 0000000c M: 0 0 0000000c 0000000c
SIMLOG:: Cycle         434 PC: 0000zzzz I: 0000zzzz R: 0   0 0000000c M: 0 0 0000000c 0000000c
SIMLOG:: Cycle         435 PC: 0000zzzz I: 0000zzzz R: 0   0 0000000c M: 0 0 0000000c 0000000c
SIMLOG:: Cycle         436 PC: 0000zzzz I: 0000zzzz R: 0   0 0000000c M: 0 0 0000000c 0000000c
SIMLOG:: Cycle         437 PC: 0000zzzz I: 0000zzzz R: 0   0 0000000c M: 0 0 00000001 0000000c
SIMLOG:: Cycle         438 PC: 0000zzzz I: 0000zzzz R: 1   0 00000001 M: 0 0 00000150 0000000c
SIMLOG:: Cycle         439 PC: 0000zzzz I: 0000zzzz R: 1   0 00000150 M: 0 0 0000000c 0000000c
SIMLOG:: Cycle         440 PC: 0000zzzz I: 0000zzzz R: 0   0 0000000c M: 0 0 00000001 00000001
SIMLOG:: Cycle         441 PC: 0000zzzz I: 0000zzzz R: 0   0 00000001 M: 0 0 00000050 00000150
SIMLOG:: Cycle         442 PC: 0000zzzz I: 0000zzzz R: 0   0 00000050 M: 0 0 00000050 00000150
SIMLOG:: Cycle         443 PC: 0000zzzz I: 0000zzzz R: 0   0 00000050 M: 0 0 00000050 00000150
SIMLOG:: Cycle         444 PC: 0000zzzz I: 0000zzzz R: 0   0 00000050 M: 0 0 00000050 00000150
SIMLOG:: Cycle         445 PC: 0000zzzz I: 0000zzzz R: 0   0 00000050 M: 0 0 00000050 00000150
SIMLOG:: Cycle         446 PC: 0000zzzz I: 0000zzzz R: 0   0 00000050 M: 0 0 00000050 00000150
SIMLOG:: Cycle         447 PC: 0000zzzz I: 0000zzzz R: 0   0 00000050 M: 0 0 00005000 00000150
SIMLOG:: Cycle         448 PC: 0000zzzz I: 0000zzzz R: 1   7 00000148 M: 0 0 00000050 00000150
SIMLOG:: Cycle         449 PC: 0000zzzz I: 0000zzzz R: 0   0 00000050 M: 0 0 00000050 00000150
SIMLOG:: Cycle         450 PC: 0000zzzz I: 0000zzzz R: 0   0 00000050 M: 0 0 00000050 00000150
SIMLOG:: Cycle         451 PC: 0000zzzz I: 0000zzzz R: 0   0 00000050 M: 0 0 00000050 00000150
SIMLOG:: Cycle         452 PC: 0000zzzz I: 0000zzzz R: 0   0 00000050 M: 0 0 00000050 00000150
SIMLOG:: Cycle         453 PC: 0000zzzz I: 0000zzzz R: 0   0 00000050 M: 0 0 00000050 00000150
SIMLOG:: Cycle         454 PC: 0000zzzz I: 0000zzzz R: 0   0 00000050 M: 0 0 00000050 00000150
SIMLOG:: Cycle         455 PC: 0000zzzz I: 0000zzzz R: 0   0 00000050 M: 0 0 00000050 00000150
SIMLOG:: Cycle         456 PC: 0000zzzz I: 0000zzzz R: 0   0 00000050 M: 0 0 00000050 00000150
SIMLOG:: Cycle         457 PC: 0000zzzz I: 0000zzzz R: 0   0 00000050 M: 0 1 0000000a 00000148
SIMLOG:: Cycle         458 PC: 0000zzzz I: 0000zzzz R: 0   2 0000000a M: 0 0 00000150 00000150
SIMLOG:: Cycle         459 PC: 0000zzzz I: 0000zzzz R: 0   0 00000150 M: 0 0 00000150 00000150
SIMLOG:: Cycle         460 PC: 0000zzzz I: 0000zzzz R: 0   0 00000150 M: 0 0 00000150 00000150
SIMLOG:: Processor halted

SIMLOG:: sim_cycles         460

SIMLOG:: inst_count          75

SIMLOG:: dcachehit_count          90

SIMLOG:: icachehit_count         182

SIMLOG:: dcachereq_count          90

SIMLOG:: icachereq_count         457

